[0.563s] DEBUG:colcon:Command line arguments: ['/usr/bin/colcon', 'build', '--executor', 'sequential']
[0.564s] DEBUG:colcon:Parsed command line arguments: Namespace(log_base=None, log_level=None, verb_name='build', build_base='build', install_base='install', merge_install=False, symlink_install=False, test_result_base=None, continue_on_error=False, executor='sequential', parallel_workers=4, event_handlers=None, ignore_user_meta=False, metas=['./colcon.meta'], base_paths=['.'], packages_ignore=None, packages_ignore_regex=None, paths=None, packages_up_to=None, packages_up_to_regex=None, packages_above=None, packages_above_and_dependencies=None, packages_above_depth=None, packages_select_by_dep=None, packages_skip_by_dep=None, packages_skip_up_to=None, packages_select_build_failed=False, packages_skip_build_finished=False, packages_select_test_failures=False, packages_skip_test_passed=False, packages_select=None, packages_skip=None, packages_select_regex=None, packages_skip_regex=None, packages_start=None, packages_end=None, allow_overriding=[], cmake_args=None, cmake_target=None, cmake_target_skip_unavailable=False, cmake_clean_cache=False, cmake_clean_first=False, cmake_force_configure=False, ament_cmake_args=None, catkin_cmake_args=None, catkin_skip_building_tests=False, verb_parser=<colcon_defaults.argument_parser.defaults.DefaultArgumentsDecorator object at 0xffff870bd000>, verb_extension=<colcon_core.verb.build.BuildVerb object at 0xffff871f5bd0>, main=<bound method BuildVerb.main of <colcon_core.verb.build.BuildVerb object at 0xffff871f5bd0>>)
[1.609s] Level 1:colcon.colcon_core.package_discovery:discover_packages(colcon_meta) check parameters
[1.610s] Level 1:colcon.colcon_core.package_discovery:discover_packages(recursive) check parameters
[1.610s] Level 1:colcon.colcon_core.package_discovery:discover_packages(ignore) check parameters
[1.610s] Level 1:colcon.colcon_core.package_discovery:discover_packages(path) check parameters
[1.610s] Level 1:colcon.colcon_core.package_discovery:discover_packages(colcon_meta) discover
[1.611s] Level 1:colcon.colcon_core.package_discovery:discover_packages(recursive) discover
[1.611s] INFO:colcon.colcon_core.package_discovery:Crawling recursively for packages in '/home/anyell/ahabp_v2_ws'
[1.612s] Level 1:colcon.colcon_core.package_identification:_identify(.) by extensions ['ignore', 'ignore_ament_install']
[1.612s] Level 1:colcon.colcon_core.package_identification:_identify(.) by extension 'ignore'
[1.613s] Level 1:colcon.colcon_core.package_identification:_identify(.) by extension 'ignore_ament_install'
[1.613s] Level 1:colcon.colcon_core.package_identification:_identify(.) by extensions ['colcon_pkg']
[1.613s] Level 1:colcon.colcon_core.package_identification:_identify(.) by extension 'colcon_pkg'
[1.613s] Level 1:colcon.colcon_core.package_identification:_identify(.) by extensions ['colcon_meta']
[1.613s] Level 1:colcon.colcon_core.package_identification:_identify(.) by extension 'colcon_meta'
[1.614s] Level 1:colcon.colcon_core.package_identification:_identify(.) by extensions ['ros']
[1.614s] Level 1:colcon.colcon_core.package_identification:_identify(.) by extension 'ros'
[1.673s] Level 1:colcon.colcon_core.package_identification:_identify(.) by extensions ['cmake', 'python']
[1.674s] Level 1:colcon.colcon_core.package_identification:_identify(.) by extension 'cmake'
[1.674s] Level 1:colcon.colcon_core.package_identification:_identify(.) by extension 'python'
[1.674s] Level 1:colcon.colcon_core.package_identification:_identify(.) by extensions ['python_setup_py']
[1.675s] Level 1:colcon.colcon_core.package_identification:_identify(.) by extension 'python_setup_py'
[1.675s] Level 1:colcon.colcon_core.package_identification:_identify(Ephem Tests) by extensions ['ignore', 'ignore_ament_install']
[1.676s] Level 1:colcon.colcon_core.package_identification:_identify(Ephem Tests) by extension 'ignore'
[1.677s] Level 1:colcon.colcon_core.package_identification:_identify(Ephem Tests) by extension 'ignore_ament_install'
[1.677s] Level 1:colcon.colcon_core.package_identification:_identify(Ephem Tests) by extensions ['colcon_pkg']
[1.678s] Level 1:colcon.colcon_core.package_identification:_identify(Ephem Tests) by extension 'colcon_pkg'
[1.679s] Level 1:colcon.colcon_core.package_identification:_identify(Ephem Tests) by extensions ['colcon_meta']
[1.680s] Level 1:colcon.colcon_core.package_identification:_identify(Ephem Tests) by extension 'colcon_meta'
[1.680s] Level 1:colcon.colcon_core.package_identification:_identify(Ephem Tests) by extensions ['ros']
[1.681s] Level 1:colcon.colcon_core.package_identification:_identify(Ephem Tests) by extension 'ros'
[1.682s] Level 1:colcon.colcon_core.package_identification:_identify(Ephem Tests) by extensions ['cmake', 'python']
[1.682s] Level 1:colcon.colcon_core.package_identification:_identify(Ephem Tests) by extension 'cmake'
[1.683s] Level 1:colcon.colcon_core.package_identification:_identify(Ephem Tests) by extension 'python'
[1.684s] Level 1:colcon.colcon_core.package_identification:_identify(Ephem Tests) by extensions ['python_setup_py']
[1.685s] Level 1:colcon.colcon_core.package_identification:_identify(Ephem Tests) by extension 'python_setup_py'
[1.686s] Level 1:colcon.colcon_core.package_identification:_identify(IMU Test Rig) by extensions ['ignore', 'ignore_ament_install']
[1.687s] Level 1:colcon.colcon_core.package_identification:_identify(IMU Test Rig) by extension 'ignore'
[1.688s] Level 1:colcon.colcon_core.package_identification:_identify(IMU Test Rig) by extension 'ignore_ament_install'
[1.689s] Level 1:colcon.colcon_core.package_identification:_identify(IMU Test Rig) by extensions ['colcon_pkg']
[1.690s] Level 1:colcon.colcon_core.package_identification:_identify(IMU Test Rig) by extension 'colcon_pkg'
[1.690s] Level 1:colcon.colcon_core.package_identification:_identify(IMU Test Rig) by extensions ['colcon_meta']
[1.691s] Level 1:colcon.colcon_core.package_identification:_identify(IMU Test Rig) by extension 'colcon_meta'
[1.691s] Level 1:colcon.colcon_core.package_identification:_identify(IMU Test Rig) by extensions ['ros']
[1.691s] Level 1:colcon.colcon_core.package_identification:_identify(IMU Test Rig) by extension 'ros'
[1.692s] Level 1:colcon.colcon_core.package_identification:_identify(IMU Test Rig) by extensions ['cmake', 'python']
[1.693s] Level 1:colcon.colcon_core.package_identification:_identify(IMU Test Rig) by extension 'cmake'
[1.693s] Level 1:colcon.colcon_core.package_identification:_identify(IMU Test Rig) by extension 'python'
[1.694s] Level 1:colcon.colcon_core.package_identification:_identify(IMU Test Rig) by extensions ['python_setup_py']
[1.694s] Level 1:colcon.colcon_core.package_identification:_identify(IMU Test Rig) by extension 'python_setup_py'
[1.695s] Level 1:colcon.colcon_core.package_identification:_identify(Images) by extensions ['ignore', 'ignore_ament_install']
[1.696s] Level 1:colcon.colcon_core.package_identification:_identify(Images) by extension 'ignore'
[1.697s] Level 1:colcon.colcon_core.package_identification:_identify(Images) by extension 'ignore_ament_install'
[1.698s] Level 1:colcon.colcon_core.package_identification:_identify(Images) by extensions ['colcon_pkg']
[1.698s] Level 1:colcon.colcon_core.package_identification:_identify(Images) by extension 'colcon_pkg'
[1.699s] Level 1:colcon.colcon_core.package_identification:_identify(Images) by extensions ['colcon_meta']
[1.699s] Level 1:colcon.colcon_core.package_identification:_identify(Images) by extension 'colcon_meta'
[1.700s] Level 1:colcon.colcon_core.package_identification:_identify(Images) by extensions ['ros']
[1.700s] Level 1:colcon.colcon_core.package_identification:_identify(Images) by extension 'ros'
[1.700s] Level 1:colcon.colcon_core.package_identification:_identify(Images) by extensions ['cmake', 'python']
[1.701s] Level 1:colcon.colcon_core.package_identification:_identify(Images) by extension 'cmake'
[1.701s] Level 1:colcon.colcon_core.package_identification:_identify(Images) by extension 'python'
[1.702s] Level 1:colcon.colcon_core.package_identification:_identify(Images) by extensions ['python_setup_py']
[1.702s] Level 1:colcon.colcon_core.package_identification:_identify(Images) by extension 'python_setup_py'
[1.704s] Level 1:colcon.colcon_core.package_identification:_identify(OpenCV Tests) by extensions ['ignore', 'ignore_ament_install']
[1.704s] Level 1:colcon.colcon_core.package_identification:_identify(OpenCV Tests) by extension 'ignore'
[1.705s] Level 1:colcon.colcon_core.package_identification:_identify(OpenCV Tests) by extension 'ignore_ament_install'
[1.706s] Level 1:colcon.colcon_core.package_identification:_identify(OpenCV Tests) by extensions ['colcon_pkg']
[1.706s] Level 1:colcon.colcon_core.package_identification:_identify(OpenCV Tests) by extension 'colcon_pkg'
[1.707s] Level 1:colcon.colcon_core.package_identification:_identify(OpenCV Tests) by extensions ['colcon_meta']
[1.707s] Level 1:colcon.colcon_core.package_identification:_identify(OpenCV Tests) by extension 'colcon_meta'
[1.708s] Level 1:colcon.colcon_core.package_identification:_identify(OpenCV Tests) by extensions ['ros']
[1.708s] Level 1:colcon.colcon_core.package_identification:_identify(OpenCV Tests) by extension 'ros'
[1.709s] Level 1:colcon.colcon_core.package_identification:_identify(OpenCV Tests) by extensions ['cmake', 'python']
[1.710s] Level 1:colcon.colcon_core.package_identification:_identify(OpenCV Tests) by extension 'cmake'
[1.710s] Level 1:colcon.colcon_core.package_identification:_identify(OpenCV Tests) by extension 'python'
[1.711s] Level 1:colcon.colcon_core.package_identification:_identify(OpenCV Tests) by extensions ['python_setup_py']
[1.711s] Level 1:colcon.colcon_core.package_identification:_identify(OpenCV Tests) by extension 'python_setup_py'
[1.712s] Level 1:colcon.colcon_core.package_identification:_identify(Other) by extensions ['ignore', 'ignore_ament_install']
[1.713s] Level 1:colcon.colcon_core.package_identification:_identify(Other) by extension 'ignore'
[1.714s] Level 1:colcon.colcon_core.package_identification:_identify(Other) by extension 'ignore_ament_install'
[1.715s] Level 1:colcon.colcon_core.package_identification:_identify(Other) by extensions ['colcon_pkg']
[1.715s] Level 1:colcon.colcon_core.package_identification:_identify(Other) by extension 'colcon_pkg'
[1.715s] Level 1:colcon.colcon_core.package_identification:_identify(Other) by extensions ['colcon_meta']
[1.716s] Level 1:colcon.colcon_core.package_identification:_identify(Other) by extension 'colcon_meta'
[1.716s] Level 1:colcon.colcon_core.package_identification:_identify(Other) by extensions ['ros']
[1.716s] Level 1:colcon.colcon_core.package_identification:_identify(Other) by extension 'ros'
[1.717s] Level 1:colcon.colcon_core.package_identification:_identify(Other) by extensions ['cmake', 'python']
[1.718s] Level 1:colcon.colcon_core.package_identification:_identify(Other) by extension 'cmake'
[1.719s] Level 1:colcon.colcon_core.package_identification:_identify(Other) by extension 'python'
[1.720s] Level 1:colcon.colcon_core.package_identification:_identify(Other) by extensions ['python_setup_py']
[1.720s] Level 1:colcon.colcon_core.package_identification:_identify(Other) by extension 'python_setup_py'
[1.721s] Level 1:colcon.colcon_core.package_identification:_identify(PWM-RPM Test Rig) by extensions ['ignore', 'ignore_ament_install']
[1.722s] Level 1:colcon.colcon_core.package_identification:_identify(PWM-RPM Test Rig) by extension 'ignore'
[1.723s] Level 1:colcon.colcon_core.package_identification:_identify(PWM-RPM Test Rig) by extension 'ignore_ament_install'
[1.723s] Level 1:colcon.colcon_core.package_identification:_identify(PWM-RPM Test Rig) by extensions ['colcon_pkg']
[1.724s] Level 1:colcon.colcon_core.package_identification:_identify(PWM-RPM Test Rig) by extension 'colcon_pkg'
[1.724s] Level 1:colcon.colcon_core.package_identification:_identify(PWM-RPM Test Rig) by extensions ['colcon_meta']
[1.724s] Level 1:colcon.colcon_core.package_identification:_identify(PWM-RPM Test Rig) by extension 'colcon_meta'
[1.724s] Level 1:colcon.colcon_core.package_identification:_identify(PWM-RPM Test Rig) by extensions ['ros']
[1.725s] Level 1:colcon.colcon_core.package_identification:_identify(PWM-RPM Test Rig) by extension 'ros'
[1.725s] Level 1:colcon.colcon_core.package_identification:_identify(PWM-RPM Test Rig) by extensions ['cmake', 'python']
[1.726s] Level 1:colcon.colcon_core.package_identification:_identify(PWM-RPM Test Rig) by extension 'cmake'
[1.726s] Level 1:colcon.colcon_core.package_identification:_identify(PWM-RPM Test Rig) by extension 'python'
[1.726s] Level 1:colcon.colcon_core.package_identification:_identify(PWM-RPM Test Rig) by extensions ['python_setup_py']
[1.726s] Level 1:colcon.colcon_core.package_identification:_identify(PWM-RPM Test Rig) by extension 'python_setup_py'
[1.727s] Level 1:colcon.colcon_core.package_identification:_identify(PWM-RPM Test Rig/Micropython) by extensions ['ignore', 'ignore_ament_install']
[1.727s] Level 1:colcon.colcon_core.package_identification:_identify(PWM-RPM Test Rig/Micropython) by extension 'ignore'
[1.728s] Level 1:colcon.colcon_core.package_identification:_identify(PWM-RPM Test Rig/Micropython) by extension 'ignore_ament_install'
[1.728s] Level 1:colcon.colcon_core.package_identification:_identify(PWM-RPM Test Rig/Micropython) by extensions ['colcon_pkg']
[1.728s] Level 1:colcon.colcon_core.package_identification:_identify(PWM-RPM Test Rig/Micropython) by extension 'colcon_pkg'
[1.729s] Level 1:colcon.colcon_core.package_identification:_identify(PWM-RPM Test Rig/Micropython) by extensions ['colcon_meta']
[1.729s] Level 1:colcon.colcon_core.package_identification:_identify(PWM-RPM Test Rig/Micropython) by extension 'colcon_meta'
[1.729s] Level 1:colcon.colcon_core.package_identification:_identify(PWM-RPM Test Rig/Micropython) by extensions ['ros']
[1.729s] Level 1:colcon.colcon_core.package_identification:_identify(PWM-RPM Test Rig/Micropython) by extension 'ros'
[1.730s] Level 1:colcon.colcon_core.package_identification:_identify(PWM-RPM Test Rig/Micropython) by extensions ['cmake', 'python']
[1.730s] Level 1:colcon.colcon_core.package_identification:_identify(PWM-RPM Test Rig/Micropython) by extension 'cmake'
[1.730s] Level 1:colcon.colcon_core.package_identification:_identify(PWM-RPM Test Rig/Micropython) by extension 'python'
[1.731s] Level 1:colcon.colcon_core.package_identification:_identify(PWM-RPM Test Rig/Micropython) by extensions ['python_setup_py']
[1.731s] Level 1:colcon.colcon_core.package_identification:_identify(PWM-RPM Test Rig/Micropython) by extension 'python_setup_py'
[1.732s] Level 1:colcon.colcon_core.package_identification:_identify(PWM-RPM Test Rig/Python) by extensions ['ignore', 'ignore_ament_install']
[1.733s] Level 1:colcon.colcon_core.package_identification:_identify(PWM-RPM Test Rig/Python) by extension 'ignore'
[1.733s] Level 1:colcon.colcon_core.package_identification:_identify(PWM-RPM Test Rig/Python) by extension 'ignore_ament_install'
[1.734s] Level 1:colcon.colcon_core.package_identification:_identify(PWM-RPM Test Rig/Python) by extensions ['colcon_pkg']
[1.734s] Level 1:colcon.colcon_core.package_identification:_identify(PWM-RPM Test Rig/Python) by extension 'colcon_pkg'
[1.734s] Level 1:colcon.colcon_core.package_identification:_identify(PWM-RPM Test Rig/Python) by extensions ['colcon_meta']
[1.735s] Level 1:colcon.colcon_core.package_identification:_identify(PWM-RPM Test Rig/Python) by extension 'colcon_meta'
[1.735s] Level 1:colcon.colcon_core.package_identification:_identify(PWM-RPM Test Rig/Python) by extensions ['ros']
[1.735s] Level 1:colcon.colcon_core.package_identification:_identify(PWM-RPM Test Rig/Python) by extension 'ros'
[1.736s] Level 1:colcon.colcon_core.package_identification:_identify(PWM-RPM Test Rig/Python) by extensions ['cmake', 'python']
[1.736s] Level 1:colcon.colcon_core.package_identification:_identify(PWM-RPM Test Rig/Python) by extension 'cmake'
[1.736s] Level 1:colcon.colcon_core.package_identification:_identify(PWM-RPM Test Rig/Python) by extension 'python'
[1.736s] Level 1:colcon.colcon_core.package_identification:_identify(PWM-RPM Test Rig/Python) by extensions ['python_setup_py']
[1.736s] Level 1:colcon.colcon_core.package_identification:_identify(PWM-RPM Test Rig/Python) by extension 'python_setup_py'
[1.737s] Level 1:colcon.colcon_core.package_identification:_identify(PySolar Tests) by extensions ['ignore', 'ignore_ament_install']
[1.738s] Level 1:colcon.colcon_core.package_identification:_identify(PySolar Tests) by extension 'ignore'
[1.739s] Level 1:colcon.colcon_core.package_identification:_identify(PySolar Tests) by extension 'ignore_ament_install'
[1.739s] Level 1:colcon.colcon_core.package_identification:_identify(PySolar Tests) by extensions ['colcon_pkg']
[1.740s] Level 1:colcon.colcon_core.package_identification:_identify(PySolar Tests) by extension 'colcon_pkg'
[1.740s] Level 1:colcon.colcon_core.package_identification:_identify(PySolar Tests) by extensions ['colcon_meta']
[1.740s] Level 1:colcon.colcon_core.package_identification:_identify(PySolar Tests) by extension 'colcon_meta'
[1.741s] Level 1:colcon.colcon_core.package_identification:_identify(PySolar Tests) by extensions ['ros']
[1.741s] Level 1:colcon.colcon_core.package_identification:_identify(PySolar Tests) by extension 'ros'
[1.742s] Level 1:colcon.colcon_core.package_identification:_identify(PySolar Tests) by extensions ['cmake', 'python']
[1.743s] Level 1:colcon.colcon_core.package_identification:_identify(PySolar Tests) by extension 'cmake'
[1.743s] Level 1:colcon.colcon_core.package_identification:_identify(PySolar Tests) by extension 'python'
[1.743s] Level 1:colcon.colcon_core.package_identification:_identify(PySolar Tests) by extensions ['python_setup_py']
[1.744s] Level 1:colcon.colcon_core.package_identification:_identify(PySolar Tests) by extension 'python_setup_py'
[1.745s] Level 1:colcon.colcon_core.package_identification:_identify(build) by extensions ['ignore', 'ignore_ament_install']
[1.746s] Level 1:colcon.colcon_core.package_identification:_identify(build) by extension 'ignore'
[1.746s] Level 1:colcon.colcon_core.package_identification:_identify(build) ignored
[1.748s] Level 1:colcon.colcon_core.package_identification:_identify(install) by extensions ['ignore', 'ignore_ament_install']
[1.749s] Level 1:colcon.colcon_core.package_identification:_identify(install) by extension 'ignore'
[1.749s] Level 1:colcon.colcon_core.package_identification:_identify(install) ignored
[1.752s] Level 1:colcon.colcon_core.package_identification:_identify(log) by extensions ['ignore', 'ignore_ament_install']
[1.752s] Level 1:colcon.colcon_core.package_identification:_identify(log) by extension 'ignore'
[1.753s] Level 1:colcon.colcon_core.package_identification:_identify(log) ignored
[1.754s] Level 1:colcon.colcon_core.package_identification:_identify(src) by extensions ['ignore', 'ignore_ament_install']
[1.755s] Level 1:colcon.colcon_core.package_identification:_identify(src) by extension 'ignore'
[1.755s] Level 1:colcon.colcon_core.package_identification:_identify(src) by extension 'ignore_ament_install'
[1.756s] Level 1:colcon.colcon_core.package_identification:_identify(src) by extensions ['colcon_pkg']
[1.756s] Level 1:colcon.colcon_core.package_identification:_identify(src) by extension 'colcon_pkg'
[1.757s] Level 1:colcon.colcon_core.package_identification:_identify(src) by extensions ['colcon_meta']
[1.757s] Level 1:colcon.colcon_core.package_identification:_identify(src) by extension 'colcon_meta'
[1.757s] Level 1:colcon.colcon_core.package_identification:_identify(src) by extensions ['ros']
[1.758s] Level 1:colcon.colcon_core.package_identification:_identify(src) by extension 'ros'
[1.758s] Level 1:colcon.colcon_core.package_identification:_identify(src) by extensions ['cmake', 'python']
[1.759s] Level 1:colcon.colcon_core.package_identification:_identify(src) by extension 'cmake'
[1.759s] Level 1:colcon.colcon_core.package_identification:_identify(src) by extension 'python'
[1.760s] Level 1:colcon.colcon_core.package_identification:_identify(src) by extensions ['python_setup_py']
[1.760s] Level 1:colcon.colcon_core.package_identification:_identify(src) by extension 'python_setup_py'
[1.761s] Level 1:colcon.colcon_core.package_identification:_identify(src/Micro-XRCE-DDS-Agent) by extensions ['ignore', 'ignore_ament_install']
[1.762s] Level 1:colcon.colcon_core.package_identification:_identify(src/Micro-XRCE-DDS-Agent) by extension 'ignore'
[1.763s] Level 1:colcon.colcon_core.package_identification:_identify(src/Micro-XRCE-DDS-Agent) by extension 'ignore_ament_install'
[1.764s] Level 1:colcon.colcon_core.package_identification:_identify(src/Micro-XRCE-DDS-Agent) by extensions ['colcon_pkg']
[1.764s] Level 1:colcon.colcon_core.package_identification:_identify(src/Micro-XRCE-DDS-Agent) by extension 'colcon_pkg'
[1.769s] INFO:colcon.colcon_metadata.metadata.colcon_pkg:Setting type 'cmake' of package 'src/Micro-XRCE-DDS-Agent' from colcon.pkg
[1.769s] INFO:colcon.colcon_metadata.metadata.colcon_pkg:Setting name 'microxrcedds_agent' of package 'src/Micro-XRCE-DDS-Agent' from colcon.pkg
[1.770s] DEBUG:colcon.colcon_core.package_identification:Package 'src/Micro-XRCE-DDS-Agent' with type 'cmake' and name 'microxrcedds_agent'
[1.771s] Level 1:colcon.colcon_core.package_identification:_identify(src/ahabp_pkg) by extensions ['ignore', 'ignore_ament_install']
[1.771s] Level 1:colcon.colcon_core.package_identification:_identify(src/ahabp_pkg) by extension 'ignore'
[1.772s] Level 1:colcon.colcon_core.package_identification:_identify(src/ahabp_pkg) by extension 'ignore_ament_install'
[1.772s] Level 1:colcon.colcon_core.package_identification:_identify(src/ahabp_pkg) by extensions ['colcon_pkg']
[1.773s] Level 1:colcon.colcon_core.package_identification:_identify(src/ahabp_pkg) by extension 'colcon_pkg'
[1.773s] Level 1:colcon.colcon_core.package_identification:_identify(src/ahabp_pkg) by extensions ['colcon_meta']
[1.773s] Level 1:colcon.colcon_core.package_identification:_identify(src/ahabp_pkg) by extension 'colcon_meta'
[1.774s] Level 1:colcon.colcon_core.package_identification:_identify(src/ahabp_pkg) by extensions ['ros']
[1.774s] Level 1:colcon.colcon_core.package_identification:_identify(src/ahabp_pkg) by extension 'ros'
[1.794s] DEBUG:colcon.colcon_core.package_identification:Package 'src/ahabp_pkg' with type 'ros.ament_python' and name 'ahabp_pkg'
[1.796s] Level 1:colcon.colcon_core.package_identification:_identify(src/px4_msgs) by extensions ['ignore', 'ignore_ament_install']
[1.797s] Level 1:colcon.colcon_core.package_identification:_identify(src/px4_msgs) by extension 'ignore'
[1.798s] Level 1:colcon.colcon_core.package_identification:_identify(src/px4_msgs) by extension 'ignore_ament_install'
[1.799s] Level 1:colcon.colcon_core.package_identification:_identify(src/px4_msgs) by extensions ['colcon_pkg']
[1.800s] Level 1:colcon.colcon_core.package_identification:_identify(src/px4_msgs) by extension 'colcon_pkg'
[1.801s] Level 1:colcon.colcon_core.package_identification:_identify(src/px4_msgs) by extensions ['colcon_meta']
[1.802s] Level 1:colcon.colcon_core.package_identification:_identify(src/px4_msgs) by extension 'colcon_meta'
[1.802s] Level 1:colcon.colcon_core.package_identification:_identify(src/px4_msgs) by extensions ['ros']
[1.802s] Level 1:colcon.colcon_core.package_identification:_identify(src/px4_msgs) by extension 'ros'
[1.805s] DEBUG:colcon.colcon_core.package_identification:Package 'src/px4_msgs' with type 'ros.ament_cmake' and name 'px4_msgs'
[1.806s] Level 1:colcon.colcon_core.package_identification:_identify(src/px4_ros_com) by extensions ['ignore', 'ignore_ament_install']
[1.807s] Level 1:colcon.colcon_core.package_identification:_identify(src/px4_ros_com) by extension 'ignore'
[1.807s] Level 1:colcon.colcon_core.package_identification:_identify(src/px4_ros_com) by extension 'ignore_ament_install'
[1.807s] Level 1:colcon.colcon_core.package_identification:_identify(src/px4_ros_com) by extensions ['colcon_pkg']
[1.808s] Level 1:colcon.colcon_core.package_identification:_identify(src/px4_ros_com) by extension 'colcon_pkg'
[1.808s] Level 1:colcon.colcon_core.package_identification:_identify(src/px4_ros_com) by extensions ['colcon_meta']
[1.808s] Level 1:colcon.colcon_core.package_identification:_identify(src/px4_ros_com) by extension 'colcon_meta'
[1.809s] Level 1:colcon.colcon_core.package_identification:_identify(src/px4_ros_com) by extensions ['ros']
[1.809s] Level 1:colcon.colcon_core.package_identification:_identify(src/px4_ros_com) by extension 'ros'
[1.816s] DEBUG:colcon.colcon_core.package_identification:Package 'src/px4_ros_com' with type 'ros.ament_cmake' and name 'px4_ros_com'
[1.817s] Level 1:colcon.colcon_core.package_identification:_identify(src/py_pubsub) by extensions ['ignore', 'ignore_ament_install']
[1.818s] Level 1:colcon.colcon_core.package_identification:_identify(src/py_pubsub) by extension 'ignore'
[1.819s] Level 1:colcon.colcon_core.package_identification:_identify(src/py_pubsub) by extension 'ignore_ament_install'
[1.820s] Level 1:colcon.colcon_core.package_identification:_identify(src/py_pubsub) by extensions ['colcon_pkg']
[1.820s] Level 1:colcon.colcon_core.package_identification:_identify(src/py_pubsub) by extension 'colcon_pkg'
[1.821s] Level 1:colcon.colcon_core.package_identification:_identify(src/py_pubsub) by extensions ['colcon_meta']
[1.821s] Level 1:colcon.colcon_core.package_identification:_identify(src/py_pubsub) by extension 'colcon_meta'
[1.822s] Level 1:colcon.colcon_core.package_identification:_identify(src/py_pubsub) by extensions ['ros']
[1.822s] Level 1:colcon.colcon_core.package_identification:_identify(src/py_pubsub) by extension 'ros'
[1.825s] DEBUG:colcon.colcon_core.package_identification:Package 'src/py_pubsub' with type 'ros.ament_python' and name 'py_pubsub'
[1.826s] Level 1:colcon.colcon_core.package_identification:_identify(src/v4l2_camera) by extensions ['ignore', 'ignore_ament_install']
[1.827s] Level 1:colcon.colcon_core.package_identification:_identify(src/v4l2_camera) by extension 'ignore'
[1.828s] Level 1:colcon.colcon_core.package_identification:_identify(src/v4l2_camera) by extension 'ignore_ament_install'
[1.828s] Level 1:colcon.colcon_core.package_identification:_identify(src/v4l2_camera) by extensions ['colcon_pkg']
[1.828s] Level 1:colcon.colcon_core.package_identification:_identify(src/v4l2_camera) by extension 'colcon_pkg'
[1.829s] Level 1:colcon.colcon_core.package_identification:_identify(src/v4l2_camera) by extensions ['colcon_meta']
[1.829s] Level 1:colcon.colcon_core.package_identification:_identify(src/v4l2_camera) by extension 'colcon_meta'
[1.830s] Level 1:colcon.colcon_core.package_identification:_identify(src/v4l2_camera) by extensions ['ros']
[1.830s] Level 1:colcon.colcon_core.package_identification:_identify(src/v4l2_camera) by extension 'ros'
[1.835s] DEBUG:colcon.colcon_core.package_identification:Package 'src/v4l2_camera' with type 'ros.ament_cmake' and name 'v4l2_camera'
[1.835s] Level 1:colcon.colcon_core.package_discovery:discover_packages(recursive) using defaults
[1.836s] Level 1:colcon.colcon_core.package_discovery:discover_packages(ignore) discover
[1.836s] Level 1:colcon.colcon_core.package_discovery:discover_packages(ignore) using defaults
[1.836s] Level 1:colcon.colcon_core.package_discovery:discover_packages(path) discover
[1.836s] Level 1:colcon.colcon_core.package_discovery:discover_packages(path) using defaults
[1.975s] INFO:colcon.colcon_metadata.metadata.colcon_pkg:Updating descriptor of package 'src/Micro-XRCE-DDS-Agent' from colcon.pkg: {'name': 'microxrcedds_agent', 'type': 'cmake', 'dependencies': ['fastcdr', 'fastrtps'], 'cmake-args': ['-DUAGENT_ISOLATED_INSTALL=OFF', '-DUAGENT_USE_SYSTEM_FASTCDR=ON', '-DUAGENT_USE_SYSTEM_FASTDDS=ON']}
[2.035s] Level 1:colcon.colcon_core.package_discovery:discover_packages(prefix_path) check parameters
[2.036s] Level 1:colcon.colcon_core.package_discovery:discover_packages(prefix_path) discover
[2.056s] DEBUG:colcon.colcon_installed_package_information.package_discovery:Found 6 installed packages in /home/anyell/ahabp_v2_ws/install
[2.066s] DEBUG:colcon.colcon_installed_package_information.package_discovery:Found 274 installed packages in /opt/ros/humble
[2.073s] Level 1:colcon.colcon_core.package_discovery:discover_packages(prefix_path) using defaults
[2.286s] Level 5:colcon.colcon_core.verb:set package 'microxrcedds_agent' build argument 'cmake_args' from command line to 'None'
[2.287s] Level 5:colcon.colcon_core.verb:overwrite package 'microxrcedds_agent' build argument 'cmake_args' from package metadata with '['-DUAGENT_ISOLATED_INSTALL=OFF', '-DUAGENT_USE_SYSTEM_FASTCDR=ON', '-DUAGENT_USE_SYSTEM_FASTDDS=ON']' (before: 'None')
[2.287s] Level 5:colcon.colcon_core.verb:set package 'microxrcedds_agent' build argument 'cmake_target' from command line to 'None'
[2.287s] Level 5:colcon.colcon_core.verb:set package 'microxrcedds_agent' build argument 'cmake_target_skip_unavailable' from command line to 'False'
[2.287s] Level 5:colcon.colcon_core.verb:set package 'microxrcedds_agent' build argument 'cmake_clean_cache' from command line to 'False'
[2.287s] Level 5:colcon.colcon_core.verb:set package 'microxrcedds_agent' build argument 'cmake_clean_first' from command line to 'False'
[2.288s] Level 5:colcon.colcon_core.verb:set package 'microxrcedds_agent' build argument 'cmake_force_configure' from command line to 'False'
[2.288s] Level 5:colcon.colcon_core.verb:set package 'microxrcedds_agent' build argument 'ament_cmake_args' from command line to 'None'
[2.288s] Level 5:colcon.colcon_core.verb:set package 'microxrcedds_agent' build argument 'catkin_cmake_args' from command line to 'None'
[2.288s] Level 5:colcon.colcon_core.verb:set package 'microxrcedds_agent' build argument 'catkin_skip_building_tests' from command line to 'False'
[2.288s] DEBUG:colcon.colcon_core.verb:Building package 'microxrcedds_agent' with the following arguments: {'ament_cmake_args': None, 'build_base': '/home/anyell/ahabp_v2_ws/build/microxrcedds_agent', 'catkin_cmake_args': None, 'catkin_skip_building_tests': False, 'cmake_args': ['-DUAGENT_ISOLATED_INSTALL=OFF', '-DUAGENT_USE_SYSTEM_FASTCDR=ON', '-DUAGENT_USE_SYSTEM_FASTDDS=ON'], 'cmake_clean_cache': False, 'cmake_clean_first': False, 'cmake_force_configure': False, 'cmake_target': None, 'cmake_target_skip_unavailable': False, 'install_base': '/home/anyell/ahabp_v2_ws/install/microxrcedds_agent', 'merge_install': False, 'path': '/home/anyell/ahabp_v2_ws/src/Micro-XRCE-DDS-Agent', 'symlink_install': False, 'test_result_base': None}
[2.290s] Level 5:colcon.colcon_core.verb:set package 'px4_msgs' build argument 'cmake_args' from command line to 'None'
[2.290s] Level 5:colcon.colcon_core.verb:set package 'px4_msgs' build argument 'cmake_target' from command line to 'None'
[2.290s] Level 5:colcon.colcon_core.verb:set package 'px4_msgs' build argument 'cmake_target_skip_unavailable' from command line to 'False'
[2.291s] Level 5:colcon.colcon_core.verb:set package 'px4_msgs' build argument 'cmake_clean_cache' from command line to 'False'
[2.291s] Level 5:colcon.colcon_core.verb:set package 'px4_msgs' build argument 'cmake_clean_first' from command line to 'False'
[2.291s] Level 5:colcon.colcon_core.verb:set package 'px4_msgs' build argument 'cmake_force_configure' from command line to 'False'
[2.291s] Level 5:colcon.colcon_core.verb:set package 'px4_msgs' build argument 'ament_cmake_args' from command line to 'None'
[2.291s] Level 5:colcon.colcon_core.verb:set package 'px4_msgs' build argument 'catkin_cmake_args' from command line to 'None'
[2.291s] Level 5:colcon.colcon_core.verb:set package 'px4_msgs' build argument 'catkin_skip_building_tests' from command line to 'False'
[2.291s] DEBUG:colcon.colcon_core.verb:Building package 'px4_msgs' with the following arguments: {'ament_cmake_args': None, 'build_base': '/home/anyell/ahabp_v2_ws/build/px4_msgs', 'catkin_cmake_args': None, 'catkin_skip_building_tests': False, 'cmake_args': None, 'cmake_clean_cache': False, 'cmake_clean_first': False, 'cmake_force_configure': False, 'cmake_target': None, 'cmake_target_skip_unavailable': False, 'install_base': '/home/anyell/ahabp_v2_ws/install/px4_msgs', 'merge_install': False, 'path': '/home/anyell/ahabp_v2_ws/src/px4_msgs', 'symlink_install': False, 'test_result_base': None}
[2.293s] Level 5:colcon.colcon_core.verb:set package 'py_pubsub' build argument 'cmake_args' from command line to 'None'
[2.294s] Level 5:colcon.colcon_core.verb:set package 'py_pubsub' build argument 'cmake_target' from command line to 'None'
[2.294s] Level 5:colcon.colcon_core.verb:set package 'py_pubsub' build argument 'cmake_target_skip_unavailable' from command line to 'False'
[2.294s] Level 5:colcon.colcon_core.verb:set package 'py_pubsub' build argument 'cmake_clean_cache' from command line to 'False'
[2.294s] Level 5:colcon.colcon_core.verb:set package 'py_pubsub' build argument 'cmake_clean_first' from command line to 'False'
[2.294s] Level 5:colcon.colcon_core.verb:set package 'py_pubsub' build argument 'cmake_force_configure' from command line to 'False'
[2.294s] Level 5:colcon.colcon_core.verb:set package 'py_pubsub' build argument 'ament_cmake_args' from command line to 'None'
[2.295s] Level 5:colcon.colcon_core.verb:set package 'py_pubsub' build argument 'catkin_cmake_args' from command line to 'None'
[2.295s] Level 5:colcon.colcon_core.verb:set package 'py_pubsub' build argument 'catkin_skip_building_tests' from command line to 'False'
[2.295s] DEBUG:colcon.colcon_core.verb:Building package 'py_pubsub' with the following arguments: {'ament_cmake_args': None, 'build_base': '/home/anyell/ahabp_v2_ws/build/py_pubsub', 'catkin_cmake_args': None, 'catkin_skip_building_tests': False, 'cmake_args': None, 'cmake_clean_cache': False, 'cmake_clean_first': False, 'cmake_force_configure': False, 'cmake_target': None, 'cmake_target_skip_unavailable': False, 'install_base': '/home/anyell/ahabp_v2_ws/install/py_pubsub', 'merge_install': False, 'path': '/home/anyell/ahabp_v2_ws/src/py_pubsub', 'symlink_install': False, 'test_result_base': None}
[2.297s] Level 5:colcon.colcon_core.verb:set package 'v4l2_camera' build argument 'cmake_args' from command line to 'None'
[2.297s] Level 5:colcon.colcon_core.verb:set package 'v4l2_camera' build argument 'cmake_target' from command line to 'None'
[2.297s] Level 5:colcon.colcon_core.verb:set package 'v4l2_camera' build argument 'cmake_target_skip_unavailable' from command line to 'False'
[2.297s] Level 5:colcon.colcon_core.verb:set package 'v4l2_camera' build argument 'cmake_clean_cache' from command line to 'False'
[2.298s] Level 5:colcon.colcon_core.verb:set package 'v4l2_camera' build argument 'cmake_clean_first' from command line to 'False'
[2.298s] Level 5:colcon.colcon_core.verb:set package 'v4l2_camera' build argument 'cmake_force_configure' from command line to 'False'
[2.298s] Level 5:colcon.colcon_core.verb:set package 'v4l2_camera' build argument 'ament_cmake_args' from command line to 'None'
[2.298s] Level 5:colcon.colcon_core.verb:set package 'v4l2_camera' build argument 'catkin_cmake_args' from command line to 'None'
[2.298s] Level 5:colcon.colcon_core.verb:set package 'v4l2_camera' build argument 'catkin_skip_building_tests' from command line to 'False'
[2.298s] DEBUG:colcon.colcon_core.verb:Building package 'v4l2_camera' with the following arguments: {'ament_cmake_args': None, 'build_base': '/home/anyell/ahabp_v2_ws/build/v4l2_camera', 'catkin_cmake_args': None, 'catkin_skip_building_tests': False, 'cmake_args': None, 'cmake_clean_cache': False, 'cmake_clean_first': False, 'cmake_force_configure': False, 'cmake_target': None, 'cmake_target_skip_unavailable': False, 'install_base': '/home/anyell/ahabp_v2_ws/install/v4l2_camera', 'merge_install': False, 'path': '/home/anyell/ahabp_v2_ws/src/v4l2_camera', 'symlink_install': False, 'test_result_base': None}
[2.300s] Level 5:colcon.colcon_core.verb:set package 'px4_ros_com' build argument 'cmake_args' from command line to 'None'
[2.300s] Level 5:colcon.colcon_core.verb:set package 'px4_ros_com' build argument 'cmake_target' from command line to 'None'
[2.301s] Level 5:colcon.colcon_core.verb:set package 'px4_ros_com' build argument 'cmake_target_skip_unavailable' from command line to 'False'
[2.301s] Level 5:colcon.colcon_core.verb:set package 'px4_ros_com' build argument 'cmake_clean_cache' from command line to 'False'
[2.301s] Level 5:colcon.colcon_core.verb:set package 'px4_ros_com' build argument 'cmake_clean_first' from command line to 'False'
[2.301s] Level 5:colcon.colcon_core.verb:set package 'px4_ros_com' build argument 'cmake_force_configure' from command line to 'False'
[2.301s] Level 5:colcon.colcon_core.verb:set package 'px4_ros_com' build argument 'ament_cmake_args' from command line to 'None'
[2.302s] Level 5:colcon.colcon_core.verb:set package 'px4_ros_com' build argument 'catkin_cmake_args' from command line to 'None'
[2.302s] Level 5:colcon.colcon_core.verb:set package 'px4_ros_com' build argument 'catkin_skip_building_tests' from command line to 'False'
[2.302s] DEBUG:colcon.colcon_core.verb:Building package 'px4_ros_com' with the following arguments: {'ament_cmake_args': None, 'build_base': '/home/anyell/ahabp_v2_ws/build/px4_ros_com', 'catkin_cmake_args': None, 'catkin_skip_building_tests': False, 'cmake_args': None, 'cmake_clean_cache': False, 'cmake_clean_first': False, 'cmake_force_configure': False, 'cmake_target': None, 'cmake_target_skip_unavailable': False, 'install_base': '/home/anyell/ahabp_v2_ws/install/px4_ros_com', 'merge_install': False, 'path': '/home/anyell/ahabp_v2_ws/src/px4_ros_com', 'symlink_install': False, 'test_result_base': None}
[2.304s] Level 5:colcon.colcon_core.verb:set package 'ahabp_pkg' build argument 'cmake_args' from command line to 'None'
[2.304s] Level 5:colcon.colcon_core.verb:set package 'ahabp_pkg' build argument 'cmake_target' from command line to 'None'
[2.304s] Level 5:colcon.colcon_core.verb:set package 'ahabp_pkg' build argument 'cmake_target_skip_unavailable' from command line to 'False'
[2.305s] Level 5:colcon.colcon_core.verb:set package 'ahabp_pkg' build argument 'cmake_clean_cache' from command line to 'False'
[2.305s] Level 5:colcon.colcon_core.verb:set package 'ahabp_pkg' build argument 'cmake_clean_first' from command line to 'False'
[2.305s] Level 5:colcon.colcon_core.verb:set package 'ahabp_pkg' build argument 'cmake_force_configure' from command line to 'False'
[2.306s] Level 5:colcon.colcon_core.verb:set package 'ahabp_pkg' build argument 'ament_cmake_args' from command line to 'None'
[2.306s] Level 5:colcon.colcon_core.verb:set package 'ahabp_pkg' build argument 'catkin_cmake_args' from command line to 'None'
[2.306s] Level 5:colcon.colcon_core.verb:set package 'ahabp_pkg' build argument 'catkin_skip_building_tests' from command line to 'False'
[2.306s] DEBUG:colcon.colcon_core.verb:Building package 'ahabp_pkg' with the following arguments: {'ament_cmake_args': None, 'build_base': '/home/anyell/ahabp_v2_ws/build/ahabp_pkg', 'catkin_cmake_args': None, 'catkin_skip_building_tests': False, 'cmake_args': None, 'cmake_clean_cache': False, 'cmake_clean_first': False, 'cmake_force_configure': False, 'cmake_target': None, 'cmake_target_skip_unavailable': False, 'install_base': '/home/anyell/ahabp_v2_ws/install/ahabp_pkg', 'merge_install': False, 'path': '/home/anyell/ahabp_v2_ws/src/ahabp_pkg', 'symlink_install': False, 'test_result_base': None}
[2.308s] INFO:colcon.colcon_core.executor:Executing jobs using 'sequential' executor
[2.312s] DEBUG:colcon.colcon_core.executor.sequential:run_until_complete 'microxrcedds_agent'
[2.313s] INFO:colcon.colcon_cmake.task.cmake.build:Building CMake package in '/home/anyell/ahabp_v2_ws/src/Micro-XRCE-DDS-Agent'
[2.326s] INFO:colcon.colcon_core.plugin_system:Skipping extension 'colcon_core.shell.bat': Not used on non-Windows systems
[2.327s] INFO:colcon.colcon_core.shell:Skip shell extension 'powershell' for command environment: Not usable outside of PowerShell
[2.327s] DEBUG:colcon.colcon_core.shell:Skip shell extension 'dsv' for command environment
[2.396s] DEBUG:colcon.colcon_core.event_handler.log_command:Invoking command in '/home/anyell/ahabp_v2_ws/build/microxrcedds_agent': /usr/bin/cmake --build /home/anyell/ahabp_v2_ws/build/microxrcedds_agent -- -j4 -l4
[3.188s] DEBUG:colcon.colcon_core.event_handler.log_command:Invoked command in '/home/anyell/ahabp_v2_ws/build/microxrcedds_agent' returned '0': /usr/bin/cmake --build /home/anyell/ahabp_v2_ws/build/microxrcedds_agent -- -j4 -l4
[4.548s] DEBUG:colcon.colcon_core.event_handler.log_command:Invoking command in '/home/anyell/ahabp_v2_ws/build/microxrcedds_agent': /usr/bin/cmake --install /home/anyell/ahabp_v2_ws/build/microxrcedds_agent
[4.671s] Level 1:colcon.colcon_core.environment:create_environment_scripts_only(microxrcedds_agent)
[4.710s] Level 1:colcon.colcon_core.environment:checking '/home/anyell/ahabp_v2_ws/install/microxrcedds_agent' for CMake module files
[4.731s] Level 1:colcon.colcon_core.environment:checking '/home/anyell/ahabp_v2_ws/install/microxrcedds_agent' for CMake config files
[4.733s] Level 1:colcon.colcon_core.shell:create_environment_hook('microxrcedds_agent', 'cmake_prefix_path')
[4.735s] INFO:colcon.colcon_core.shell:Creating environment hook '/home/anyell/ahabp_v2_ws/install/microxrcedds_agent/share/microxrcedds_agent/hook/cmake_prefix_path.ps1'
[4.744s] INFO:colcon.colcon_core.shell:Creating environment descriptor '/home/anyell/ahabp_v2_ws/install/microxrcedds_agent/share/microxrcedds_agent/hook/cmake_prefix_path.dsv'
[4.762s] INFO:colcon.colcon_core.shell:Creating environment hook '/home/anyell/ahabp_v2_ws/install/microxrcedds_agent/share/microxrcedds_agent/hook/cmake_prefix_path.sh'
[4.789s] Level 1:colcon.colcon_core.environment:checking '/home/anyell/ahabp_v2_ws/install/microxrcedds_agent/lib'
[4.802s] Level 1:colcon.colcon_core.shell:create_environment_hook('microxrcedds_agent', 'ld_library_path_lib')
[4.804s] INFO:colcon.colcon_core.shell:Creating environment hook '/home/anyell/ahabp_v2_ws/install/microxrcedds_agent/share/microxrcedds_agent/hook/ld_library_path_lib.ps1'
[4.806s] DEBUG:colcon.colcon_core.event_handler.log_command:Invoked command in '/home/anyell/ahabp_v2_ws/build/microxrcedds_agent' returned '0': /usr/bin/cmake --install /home/anyell/ahabp_v2_ws/build/microxrcedds_agent
[4.812s] INFO:colcon.colcon_core.shell:Creating environment descriptor '/home/anyell/ahabp_v2_ws/install/microxrcedds_agent/share/microxrcedds_agent/hook/ld_library_path_lib.dsv'
[4.816s] INFO:colcon.colcon_core.shell:Creating environment hook '/home/anyell/ahabp_v2_ws/install/microxrcedds_agent/share/microxrcedds_agent/hook/ld_library_path_lib.sh'
[4.819s] Level 1:colcon.colcon_core.environment:checking '/home/anyell/ahabp_v2_ws/install/microxrcedds_agent/bin'
[4.820s] Level 1:colcon.colcon_core.shell:create_environment_hook('microxrcedds_agent', 'path')
[4.821s] INFO:colcon.colcon_core.shell:Creating environment hook '/home/anyell/ahabp_v2_ws/install/microxrcedds_agent/share/microxrcedds_agent/hook/path.ps1'
[4.824s] INFO:colcon.colcon_core.shell:Creating environment descriptor '/home/anyell/ahabp_v2_ws/install/microxrcedds_agent/share/microxrcedds_agent/hook/path.dsv'
[4.827s] INFO:colcon.colcon_core.shell:Creating environment hook '/home/anyell/ahabp_v2_ws/install/microxrcedds_agent/share/microxrcedds_agent/hook/path.sh'
[4.831s] Level 1:colcon.colcon_core.environment:checking '/home/anyell/ahabp_v2_ws/install/microxrcedds_agent/lib/pkgconfig/microxrcedds_agent.pc'
[4.832s] Level 1:colcon.colcon_core.environment:checking '/home/anyell/ahabp_v2_ws/install/microxrcedds_agent/lib/python3.10/site-packages'
[4.834s] Level 1:colcon.colcon_core.environment:checking '/home/anyell/ahabp_v2_ws/install/microxrcedds_agent/bin'
[4.835s] Level 1:colcon.colcon_core.shell:create_environment_hook('microxrcedds_agent', 'pythonscriptspath')
[4.836s] INFO:colcon.colcon_core.shell:Creating environment hook '/home/anyell/ahabp_v2_ws/install/microxrcedds_agent/share/microxrcedds_agent/hook/pythonscriptspath.ps1'
[4.839s] INFO:colcon.colcon_core.shell:Creating environment descriptor '/home/anyell/ahabp_v2_ws/install/microxrcedds_agent/share/microxrcedds_agent/hook/pythonscriptspath.dsv'
[4.847s] INFO:colcon.colcon_core.shell:Creating environment hook '/home/anyell/ahabp_v2_ws/install/microxrcedds_agent/share/microxrcedds_agent/hook/pythonscriptspath.sh'
[4.853s] INFO:colcon.colcon_core.shell:Creating package script '/home/anyell/ahabp_v2_ws/install/microxrcedds_agent/share/microxrcedds_agent/package.ps1'
[4.859s] INFO:colcon.colcon_core.shell:Creating package descriptor '/home/anyell/ahabp_v2_ws/install/microxrcedds_agent/share/microxrcedds_agent/package.dsv'
[4.864s] INFO:colcon.colcon_core.shell:Creating package script '/home/anyell/ahabp_v2_ws/install/microxrcedds_agent/share/microxrcedds_agent/package.sh'
[4.870s] INFO:colcon.colcon_core.shell:Creating package script '/home/anyell/ahabp_v2_ws/install/microxrcedds_agent/share/microxrcedds_agent/package.bash'
[4.877s] INFO:colcon.colcon_core.shell:Creating package script '/home/anyell/ahabp_v2_ws/install/microxrcedds_agent/share/microxrcedds_agent/package.zsh'
[4.888s] Level 1:colcon.colcon_core.environment:create_file_with_runtime_dependencies(/home/anyell/ahabp_v2_ws/install/microxrcedds_agent/share/colcon-core/packages/microxrcedds_agent)
[4.890s] DEBUG:colcon.colcon_core.executor.sequential:run_until_complete 'microxrcedds_agent' finished with '0'
[4.891s] DEBUG:colcon.colcon_core.executor.sequential:run_until_complete 'px4_msgs'
[4.892s] INFO:colcon.colcon_ros.task.ament_cmake.build:Building ROS package in '/home/anyell/ahabp_v2_ws/src/px4_msgs' with build type 'ament_cmake'
[4.892s] INFO:colcon.colcon_cmake.task.cmake.build:Building CMake package in '/home/anyell/ahabp_v2_ws/src/px4_msgs'
[4.894s] INFO:colcon.colcon_core.shell:Skip shell extension 'powershell' for command environment: Not usable outside of PowerShell
[4.895s] DEBUG:colcon.colcon_core.shell:Skip shell extension 'dsv' for command environment
[4.970s] DEBUG:colcon.colcon_core.event_handler.log_command:Invoking command in '/home/anyell/ahabp_v2_ws/build/px4_msgs': CMAKE_PREFIX_PATH=${CMAKE_PREFIX_PATH}:/home/anyell/ahabp_v2_ws/install/py_pubsub:/opt/ros/humble /usr/bin/cmake --build /home/anyell/ahabp_v2_ws/build/px4_msgs -- -j4 -l4
[14.608s] DEBUG:colcon.colcon_core.event_handler.log_command:Invoked command in '/home/anyell/ahabp_v2_ws/build/px4_msgs' returned '0': CMAKE_PREFIX_PATH=${CMAKE_PREFIX_PATH}:/home/anyell/ahabp_v2_ws/install/py_pubsub:/opt/ros/humble /usr/bin/cmake --build /home/anyell/ahabp_v2_ws/build/px4_msgs -- -j4 -l4
[61.928s] DEBUG:colcon.colcon_core.event_handler.log_command:Invoking command in '/home/anyell/ahabp_v2_ws/build/px4_msgs': CMAKE_PREFIX_PATH=${CMAKE_PREFIX_PATH}:/home/anyell/ahabp_v2_ws/install/py_pubsub:/opt/ros/humble /usr/bin/cmake --install /home/anyell/ahabp_v2_ws/build/px4_msgs
[68.909s] Level 1:colcon.colcon_core.environment:create_environment_scripts_only(px4_msgs)
[68.910s] Level 1:colcon.colcon_core.environment:checking '/home/anyell/ahabp_v2_ws/install/px4_msgs' for CMake module files
[68.915s] Level 1:colcon.colcon_core.environment:checking '/home/anyell/ahabp_v2_ws/install/px4_msgs' for CMake config files
[68.935s] Level 1:colcon.colcon_core.shell:create_environment_hook('px4_msgs', 'cmake_prefix_path')
[68.936s] INFO:colcon.colcon_core.shell:Creating environment hook '/home/anyell/ahabp_v2_ws/install/px4_msgs/share/px4_msgs/hook/cmake_prefix_path.ps1'
[68.939s] INFO:colcon.colcon_core.shell:Creating environment descriptor '/home/anyell/ahabp_v2_ws/install/px4_msgs/share/px4_msgs/hook/cmake_prefix_path.dsv'
[68.955s] INFO:colcon.colcon_core.shell:Creating environment hook '/home/anyell/ahabp_v2_ws/install/px4_msgs/share/px4_msgs/hook/cmake_prefix_path.sh'
[68.973s] Level 1:colcon.colcon_core.environment:checking '/home/anyell/ahabp_v2_ws/install/px4_msgs/lib'
[68.974s] Level 1:colcon.colcon_core.shell:create_environment_hook('px4_msgs', 'ld_library_path_lib')
[68.976s] INFO:colcon.colcon_core.shell:Creating environment hook '/home/anyell/ahabp_v2_ws/install/px4_msgs/share/px4_msgs/hook/ld_library_path_lib.ps1'
[68.984s] INFO:colcon.colcon_core.shell:Creating environment descriptor '/home/anyell/ahabp_v2_ws/install/px4_msgs/share/px4_msgs/hook/ld_library_path_lib.dsv'
[69.001s] INFO:colcon.colcon_core.shell:Creating environment hook '/home/anyell/ahabp_v2_ws/install/px4_msgs/share/px4_msgs/hook/ld_library_path_lib.sh'
[69.004s] Level 1:colcon.colcon_core.environment:checking '/home/anyell/ahabp_v2_ws/install/px4_msgs/bin'
[69.005s] Level 1:colcon.colcon_core.environment:checking '/home/anyell/ahabp_v2_ws/install/px4_msgs/lib/pkgconfig/px4_msgs.pc'
[69.006s] Level 1:colcon.colcon_core.environment:checking '/home/anyell/ahabp_v2_ws/install/px4_msgs/lib/python3.10/site-packages'
[69.007s] Level 1:colcon.colcon_core.environment:checking '/home/anyell/ahabp_v2_ws/install/px4_msgs/bin'
[69.009s] INFO:colcon.colcon_core.shell:Creating package script '/home/anyell/ahabp_v2_ws/install/px4_msgs/share/px4_msgs/package.ps1'
[69.026s] INFO:colcon.colcon_core.shell:Creating package descriptor '/home/anyell/ahabp_v2_ws/install/px4_msgs/share/px4_msgs/package.dsv'
[69.029s] INFO:colcon.colcon_core.shell:Creating package script '/home/anyell/ahabp_v2_ws/install/px4_msgs/share/px4_msgs/package.sh'
[69.032s] INFO:colcon.colcon_core.shell:Creating package script '/home/anyell/ahabp_v2_ws/install/px4_msgs/share/px4_msgs/package.bash'
[69.035s] INFO:colcon.colcon_core.shell:Creating package script '/home/anyell/ahabp_v2_ws/install/px4_msgs/share/px4_msgs/package.zsh'
[69.049s] Level 1:colcon.colcon_core.environment:create_file_with_runtime_dependencies(/home/anyell/ahabp_v2_ws/install/px4_msgs/share/colcon-core/packages/px4_msgs)
[69.495s] DEBUG:colcon.colcon_core.event_handler.log_command:Invoked command in '/home/anyell/ahabp_v2_ws/build/px4_msgs' returned '0': CMAKE_PREFIX_PATH=${CMAKE_PREFIX_PATH}:/home/anyell/ahabp_v2_ws/install/py_pubsub:/opt/ros/humble /usr/bin/cmake --install /home/anyell/ahabp_v2_ws/build/px4_msgs
[123.447s] Level 1:colcon.colcon_core.environment:create_environment_scripts_only(px4_msgs)
[123.449s] Level 1:colcon.colcon_core.environment:checking '/home/anyell/ahabp_v2_ws/install/px4_msgs' for CMake module files
[123.454s] Level 1:colcon.colcon_core.environment:checking '/home/anyell/ahabp_v2_ws/install/px4_msgs' for CMake config files
[123.464s] Level 1:colcon.colcon_core.shell:create_environment_hook('px4_msgs', 'cmake_prefix_path')
[123.466s] INFO:colcon.colcon_core.shell:Creating environment hook '/home/anyell/ahabp_v2_ws/install/px4_msgs/share/px4_msgs/hook/cmake_prefix_path.ps1'
[123.470s] INFO:colcon.colcon_core.shell:Creating environment descriptor '/home/anyell/ahabp_v2_ws/install/px4_msgs/share/px4_msgs/hook/cmake_prefix_path.dsv'
[123.474s] INFO:colcon.colcon_core.shell:Creating environment hook '/home/anyell/ahabp_v2_ws/install/px4_msgs/share/px4_msgs/hook/cmake_prefix_path.sh'
[123.481s] Level 1:colcon.colcon_core.environment:checking '/home/anyell/ahabp_v2_ws/install/px4_msgs/lib'
[123.484s] Level 1:colcon.colcon_core.shell:create_environment_hook('px4_msgs', 'ld_library_path_lib')
[123.488s] INFO:colcon.colcon_core.shell:Creating environment hook '/home/anyell/ahabp_v2_ws/install/px4_msgs/share/px4_msgs/hook/ld_library_path_lib.ps1'
[123.495s] INFO:colcon.colcon_core.shell:Creating environment descriptor '/home/anyell/ahabp_v2_ws/install/px4_msgs/share/px4_msgs/hook/ld_library_path_lib.dsv'
[123.501s] INFO:colcon.colcon_core.shell:Creating environment hook '/home/anyell/ahabp_v2_ws/install/px4_msgs/share/px4_msgs/hook/ld_library_path_lib.sh'
[123.504s] Level 1:colcon.colcon_core.environment:checking '/home/anyell/ahabp_v2_ws/install/px4_msgs/bin'
[123.505s] Level 1:colcon.colcon_core.environment:checking '/home/anyell/ahabp_v2_ws/install/px4_msgs/lib/pkgconfig/px4_msgs.pc'
[123.507s] Level 1:colcon.colcon_core.environment:checking '/home/anyell/ahabp_v2_ws/install/px4_msgs/lib/python3.10/site-packages'
[123.508s] Level 1:colcon.colcon_core.environment:checking '/home/anyell/ahabp_v2_ws/install/px4_msgs/bin'
[123.510s] INFO:colcon.colcon_core.shell:Creating package script '/home/anyell/ahabp_v2_ws/install/px4_msgs/share/px4_msgs/package.ps1'
[123.515s] INFO:colcon.colcon_core.shell:Creating package descriptor '/home/anyell/ahabp_v2_ws/install/px4_msgs/share/px4_msgs/package.dsv'
[123.518s] INFO:colcon.colcon_core.shell:Creating package script '/home/anyell/ahabp_v2_ws/install/px4_msgs/share/px4_msgs/package.sh'
[123.521s] INFO:colcon.colcon_core.shell:Creating package script '/home/anyell/ahabp_v2_ws/install/px4_msgs/share/px4_msgs/package.bash'
[123.525s] INFO:colcon.colcon_core.shell:Creating package script '/home/anyell/ahabp_v2_ws/install/px4_msgs/share/px4_msgs/package.zsh'
[123.528s] Level 1:colcon.colcon_core.environment:create_file_with_runtime_dependencies(/home/anyell/ahabp_v2_ws/install/px4_msgs/share/colcon-core/packages/px4_msgs)
[123.532s] DEBUG:colcon.colcon_core.executor.sequential:run_until_complete 'px4_msgs' finished with '0'
[123.533s] DEBUG:colcon.colcon_core.executor.sequential:run_until_complete 'py_pubsub'
[123.535s] INFO:colcon.colcon_ros.task.ament_python.build:Building ROS package in '/home/anyell/ahabp_v2_ws/src/py_pubsub' with build type 'ament_python'
[123.536s] Level 1:colcon.colcon_core.shell:create_environment_hook('py_pubsub', 'ament_prefix_path')
[123.538s] INFO:colcon.colcon_core.shell:Creating environment hook '/home/anyell/ahabp_v2_ws/install/py_pubsub/share/py_pubsub/hook/ament_prefix_path.ps1'
[123.543s] INFO:colcon.colcon_core.shell:Creating environment descriptor '/home/anyell/ahabp_v2_ws/install/py_pubsub/share/py_pubsub/hook/ament_prefix_path.dsv'
[123.546s] INFO:colcon.colcon_core.shell:Creating environment hook '/home/anyell/ahabp_v2_ws/install/py_pubsub/share/py_pubsub/hook/ament_prefix_path.sh'
[123.551s] INFO:colcon.colcon_core.shell:Skip shell extension 'powershell' for command environment: Not usable outside of PowerShell
[123.552s] DEBUG:colcon.colcon_core.shell:Skip shell extension 'dsv' for command environment
[126.341s] INFO:colcon.colcon_core.task.python.build:Building Python package in '/home/anyell/ahabp_v2_ws/src/py_pubsub'
[126.343s] INFO:colcon.colcon_core.shell:Skip shell extension 'powershell' for command environment: Not usable outside of PowerShell
[126.344s] DEBUG:colcon.colcon_core.shell:Skip shell extension 'dsv' for command environment
[129.159s] ERROR:colcon.colcon_core.executor.sequential:Exception in job execution 'py_pubsub': Expected ['/usr/bin/python3', '-W', 'ignore:setup.py install is deprecated', 'setup.py', '--help-commands'] to pass: Traceback (most recent call last):
  File "/home/anyell/ahabp_v2_ws/src/py_pubsub/setup.py", line 1, in <module>
    from setuptools import find_packages, setup
  File "/usr/lib/python3/dist-packages/setuptools/__init__.py", line 242, in <module>
    monkey.patch_all()
  File "/usr/lib/python3/dist-packages/setuptools/monkey.py", line 99, in patch_all
    patch_for_msvc_specialized_compiler()
  File "/usr/lib/python3/dist-packages/setuptools/monkey.py", line 136, in patch_for_msvc_specialized_compiler
    msvc = import_module('setuptools.msvc')
  File "/usr/lib/python3.10/importlib/__init__.py", line 126, in import_module
    return _bootstrap._gcd_import(name[level:], package, level)
  File "<frozen importlib._bootstrap>", line 1050, in _gcd_import
  File "<frozen importlib._bootstrap>", line 1027, in _find_and_load
  File "<frozen importlib._bootstrap>", line 1006, in _find_and_load_unlocked
  File "<frozen importlib._bootstrap>", line 688, in _load_unlocked
  File "<frozen importlib._bootstrap_external>", line 879, in exec_module
  File "<frozen importlib._bootstrap_external>", line 1012, in get_code
  File "<frozen importlib._bootstrap_external>", line 672, in _compile_bytecode
ValueError: bad marshal data (invalid reference)

Traceback (most recent call last):
  File "/usr/lib/python3/dist-packages/colcon_core/executor/sequential.py", line 48, in execute
    loop.run_until_complete(future)
  File "/usr/lib/python3.10/asyncio/base_events.py", line 649, in run_until_complete
    return future.result()
  File "/usr/lib/python3/dist-packages/colcon_core/executor/__init__.py", line 91, in __call__
    rc = await self.task(*args, **kwargs)
  File "/usr/lib/python3/dist-packages/colcon_core/task/__init__.py", line 93, in __call__
    return await task_method(*args, **kwargs)
  File "/usr/lib/python3/dist-packages/colcon_ros/task/ament_python/build.py", line 102, in build
    return await extension.build(additional_hooks=additional_hooks)
  File "/usr/lib/python3/dist-packages/colcon_core/task/python/build.py", line 90, in build
    available_commands = await self._get_available_commands(
  File "/usr/lib/python3/dist-packages/colcon_core/task/python/build.py", line 188, in _get_available_commands
    output = await check_output(
  File "/usr/lib/python3/dist-packages/colcon_core/subprocess.py", line 129, in check_output
    assert not rc, f'Expected {args} to pass: {stderr_data}'
AssertionError: Expected ['/usr/bin/python3', '-W', 'ignore:setup.py install is deprecated', 'setup.py', '--help-commands'] to pass: Traceback (most recent call last):
  File "/home/anyell/ahabp_v2_ws/src/py_pubsub/setup.py", line 1, in <module>
    from setuptools import find_packages, setup
  File "/usr/lib/python3/dist-packages/setuptools/__init__.py", line 242, in <module>
    monkey.patch_all()
  File "/usr/lib/python3/dist-packages/setuptools/monkey.py", line 99, in patch_all
    patch_for_msvc_specialized_compiler()
  File "/usr/lib/python3/dist-packages/setuptools/monkey.py", line 136, in patch_for_msvc_specialized_compiler
    msvc = import_module('setuptools.msvc')
  File "/usr/lib/python3.10/importlib/__init__.py", line 126, in import_module
    return _bootstrap._gcd_import(name[level:], package, level)
  File "<frozen importlib._bootstrap>", line 1050, in _gcd_import
  File "<frozen importlib._bootstrap>", line 1027, in _find_and_load
  File "<frozen importlib._bootstrap>", line 1006, in _find_and_load_unlocked
  File "<frozen importlib._bootstrap>", line 688, in _load_unlocked
  File "<frozen importlib._bootstrap_external>", line 879, in exec_module
  File "<frozen importlib._bootstrap_external>", line 1012, in get_code
  File "<frozen importlib._bootstrap_external>", line 672, in _compile_bytecode
ValueError: bad marshal data (invalid reference)


[129.160s] DEBUG:colcon.colcon_core.executor.sequential:closing loop
[129.162s] DEBUG:colcon.colcon_core.executor.sequential:loop closed
[129.163s] DEBUG:colcon.colcon_core.event_reactor:joining thread
[129.218s] INFO:colcon.colcon_core.plugin_system:Skipping extension 'colcon_notification.desktop_notification.terminal_notifier': Not used on non-Darwin systems
[129.220s] INFO:colcon.colcon_core.plugin_system:Skipping extension 'colcon_notification.desktop_notification.win32': Not used on non-Windows systems
[129.220s] INFO:colcon.colcon_notification.desktop_notification:Sending desktop notification using 'notify2'
[129.342s] DEBUG:colcon.colcon_core.event_reactor:joined thread
[129.344s] INFO:colcon.colcon_core.shell:Creating prefix script '/home/anyell/ahabp_v2_ws/install/local_setup.ps1'
[129.349s] INFO:colcon.colcon_core.shell:Creating prefix util module '/home/anyell/ahabp_v2_ws/install/_local_setup_util_ps1.py'
[129.359s] INFO:colcon.colcon_core.shell:Creating prefix chain script '/home/anyell/ahabp_v2_ws/install/setup.ps1'
[129.386s] INFO:colcon.colcon_core.shell:Creating prefix script '/home/anyell/ahabp_v2_ws/install/local_setup.sh'
[129.393s] INFO:colcon.colcon_core.shell:Creating prefix util module '/home/anyell/ahabp_v2_ws/install/_local_setup_util_sh.py'
[129.400s] INFO:colcon.colcon_core.shell:Creating prefix chain script '/home/anyell/ahabp_v2_ws/install/setup.sh'
[129.425s] INFO:colcon.colcon_core.shell:Creating prefix script '/home/anyell/ahabp_v2_ws/install/local_setup.bash'
[129.432s] INFO:colcon.colcon_core.shell:Creating prefix chain script '/home/anyell/ahabp_v2_ws/install/setup.bash'
[129.453s] INFO:colcon.colcon_core.shell:Creating prefix script '/home/anyell/ahabp_v2_ws/install/local_setup.zsh'
[129.458s] INFO:colcon.colcon_core.shell:Creating prefix chain script '/home/anyell/ahabp_v2_ws/install/setup.zsh'
