[0.000000] (-) TimerEvent: {}
[0.002416] (microxrcedds_agent) JobQueued: {'identifier': 'microxrcedds_agent', 'dependencies': OrderedDict()}
[0.003333] (px4_msgs) JobQueued: {'identifier': 'px4_msgs', 'dependencies': OrderedDict()}
[0.004003] (py_pubsub) JobQueued: {'identifier': 'py_pubsub', 'dependencies': OrderedDict()}
[0.004256] (v4l2_camera) JobQueued: {'identifier': 'v4l2_camera', 'dependencies': OrderedDict()}
[0.004720] (ahabp_pkg) JobQueued: {'identifier': 'ahabp_pkg', 'dependencies': OrderedDict([('px4_msgs', '/home/anyell/ahabp_v2_ws/install/px4_msgs')])}
[0.005029] (px4_ros_com) JobQueued: {'identifier': 'px4_ros_com', 'dependencies': OrderedDict([('px4_msgs', '/home/anyell/ahabp_v2_ws/install/px4_msgs')])}
[0.005247] (px4_msgs) JobStarted: {'identifier': 'px4_msgs'}
[0.071771] (microxrcedds_agent) JobStarted: {'identifier': 'microxrcedds_agent'}
[0.096670] (py_pubsub) JobStarted: {'identifier': 'py_pubsub'}
[0.098770] (-) TimerEvent: {}
[0.129696] (v4l2_camera) JobStarted: {'identifier': 'v4l2_camera'}
[0.179332] (px4_msgs) JobProgress: {'identifier': 'px4_msgs', 'progress': 'cmake'}
[0.184992] (px4_msgs) JobProgress: {'identifier': 'px4_msgs', 'progress': 'build'}
[0.188518] (px4_msgs) Command: {'cmd': ['/usr/bin/cmake', '--build', '/home/anyell/ahabp_v2_ws/build/px4_msgs', '--', '-j4', '-l4'], 'cwd': '/home/anyell/ahabp_v2_ws/build/px4_msgs', 'env': OrderedDict([('LESSOPEN', '| /usr/bin/lesspipe %s'), ('USER', 'anyell'), ('XDG_SESSION_TYPE', 'wayland'), ('SHLVL', '1'), ('LD_LIBRARY_PATH', '/opt/ros/humble/opt/rviz_ogre_vendor/lib:/opt/ros/humble/lib/aarch64-linux-gnu:/opt/ros/humble/lib'), ('HOME', '/home/anyell'), ('OLDPWD', '/home/anyell/ahabp_v2_ws/src'), ('DESKTOP_SESSION', 'ubuntu'), ('ROS_PYTHON_VERSION', '3'), ('GNOME_SHELL_SESSION_MODE', 'ubuntu'), ('GTK_MODULES', 'gail:atk-bridge'), ('SYSTEMD_EXEC_PID', '1388'), ('DBUS_SESSION_BUS_ADDRESS', 'unix:path=/run/user/1000/bus'), ('COLORTERM', 'truecolor'), ('IM_CONFIG_PHASE', '1'), ('WAYLAND_DISPLAY', 'wayland-0'), ('ROS_DISTRO', 'humble'), ('LOGNAME', 'anyell'), ('_', '/usr/bin/colcon'), ('ROS_VERSION', '2'), ('XDG_SESSION_CLASS', 'user'), ('USERNAME', 'anyell'), ('TERM', 'xterm-256color'), ('GNOME_DESKTOP_SESSION_ID', 'this-is-deprecated'), ('ROS_LOCALHOST_ONLY', '0'), ('PATH', '/opt/ros/humble/bin:/usr/local/sbin:/usr/local/bin:/usr/sbin:/usr/bin:/sbin:/bin:/usr/games:/usr/local/games:/snap/bin:/snap/bin'), ('SESSION_MANAGER', 'local/ahabp-rpi4:@/tmp/.ICE-unix/1363,unix/ahabp-rpi4:/tmp/.ICE-unix/1363'), ('XDG_MENU_PREFIX', 'gnome-'), ('GNOME_TERMINAL_SCREEN', '/org/gnome/Terminal/screen/fa8ecda9_fe8a_4bb5_be1f_aa8540409117'), ('GNOME_SETUP_DISPLAY', ':1'), ('XDG_RUNTIME_DIR', '/run/user/1000'), ('DISPLAY', ':0'), ('LANG', 'en_US.UTF-8'), ('XDG_CURRENT_DESKTOP', 'ubuntu:GNOME'), ('XMODIFIERS', '@im=ibus'), ('XDG_SESSION_DESKTOP', 'ubuntu'), ('XAUTHORITY', '/run/user/1000/.mutter-Xwaylandauth.BE5VK2'), ('LS_COLORS', 'rs=0:di=01;34:ln=01;36:mh=00:pi=40;33:so=01;35:do=01;35:bd=40;33;01:cd=40;33;01:or=40;31;01:mi=00:su=37;41:sg=30;43:ca=30;41:tw=30;42:ow=34;42:st=37;44:ex=01;32:*.tar=01;31:*.tgz=01;31:*.arc=01;31:*.arj=01;31:*.taz=01;31:*.lha=01;31:*.lz4=01;31:*.lzh=01;31:*.lzma=01;31:*.tlz=01;31:*.txz=01;31:*.tzo=01;31:*.t7z=01;31:*.zip=01;31:*.z=01;31:*.dz=01;31:*.gz=01;31:*.lrz=01;31:*.lz=01;31:*.lzo=01;31:*.xz=01;31:*.zst=01;31:*.tzst=01;31:*.bz2=01;31:*.bz=01;31:*.tbz=01;31:*.tbz2=01;31:*.tz=01;31:*.deb=01;31:*.rpm=01;31:*.jar=01;31:*.war=01;31:*.ear=01;31:*.sar=01;31:*.rar=01;31:*.alz=01;31:*.ace=01;31:*.zoo=01;31:*.cpio=01;31:*.7z=01;31:*.rz=01;31:*.cab=01;31:*.wim=01;31:*.swm=01;31:*.dwm=01;31:*.esd=01;31:*.jpg=01;35:*.jpeg=01;35:*.mjpg=01;35:*.mjpeg=01;35:*.gif=01;35:*.bmp=01;35:*.pbm=01;35:*.pgm=01;35:*.ppm=01;35:*.tga=01;35:*.xbm=01;35:*.xpm=01;35:*.tif=01;35:*.tiff=01;35:*.png=01;35:*.svg=01;35:*.svgz=01;35:*.mng=01;35:*.pcx=01;35:*.mov=01;35:*.mpg=01;35:*.mpeg=01;35:*.m2v=01;35:*.mkv=01;35:*.webm=01;35:*.webp=01;35:*.ogm=01;35:*.mp4=01;35:*.m4v=01;35:*.mp4v=01;35:*.vob=01;35:*.qt=01;35:*.nuv=01;35:*.wmv=01;35:*.asf=01;35:*.rm=01;35:*.rmvb=01;35:*.flc=01;35:*.avi=01;35:*.fli=01;35:*.flv=01;35:*.gl=01;35:*.dl=01;35:*.xcf=01;35:*.xwd=01;35:*.yuv=01;35:*.cgm=01;35:*.emf=01;35:*.ogv=01;35:*.ogx=01;35:*.aac=00;36:*.au=00;36:*.flac=00;36:*.m4a=00;36:*.mid=00;36:*.midi=00;36:*.mka=00;36:*.mp3=00;36:*.mpc=00;36:*.ogg=00;36:*.ra=00;36:*.wav=00;36:*.oga=00;36:*.opus=00;36:*.spx=00;36:*.xspf=00;36:'), ('GNOME_TERMINAL_SERVICE', ':1.124'), ('SSH_AGENT_LAUNCHER', 'gnome-keyring'), ('SSH_AUTH_SOCK', '/run/user/1000/keyring/ssh'), ('AMENT_PREFIX_PATH', '/opt/ros/humble'), ('SHELL', '/bin/bash'), ('QT_ACCESSIBILITY', '1'), ('GDMSESSION', 'ubuntu'), ('LESSCLOSE', '/usr/bin/lesspipe %s %s'), ('QT_IM_MODULE', 'ibus'), ('PWD', '/home/anyell/ahabp_v2_ws/build/px4_msgs'), ('LC_ALL', 'en_US.UTF-8'), ('XDG_CONFIG_DIRS', '/etc/xdg/xdg-ubuntu:/etc/xdg'), ('XDG_DATA_DIRS', '/usr/share/ubuntu:/usr/local/share/:/usr/share/:/var/lib/snapd/desktop'), ('PYTHONPATH', '/opt/ros/humble/lib/python3.10/site-packages:/opt/ros/humble/local/lib/python3.10/dist-packages'), ('COLCON', '1'), ('VTE_VERSION', '6800'), ('CMAKE_PREFIX_PATH', '/opt/ros/humble')]), 'shell': False}
[0.216515] (-) TimerEvent: {}
[0.217335] (microxrcedds_agent) JobProgress: {'identifier': 'microxrcedds_agent', 'progress': 'cmake'}
[0.219882] (microxrcedds_agent) JobProgress: {'identifier': 'microxrcedds_agent', 'progress': 'build'}
[0.221824] (microxrcedds_agent) Command: {'cmd': ['/usr/bin/cmake', '--build', '/home/anyell/ahabp_v2_ws/build/microxrcedds_agent', '--', '-j4', '-l4'], 'cwd': '/home/anyell/ahabp_v2_ws/build/microxrcedds_agent', 'env': OrderedDict([('LESSOPEN', '| /usr/bin/lesspipe %s'), ('USER', 'anyell'), ('XDG_SESSION_TYPE', 'wayland'), ('SHLVL', '1'), ('LD_LIBRARY_PATH', '/opt/ros/humble/opt/rviz_ogre_vendor/lib:/opt/ros/humble/lib/aarch64-linux-gnu:/opt/ros/humble/lib'), ('HOME', '/home/anyell'), ('OLDPWD', '/home/anyell/ahabp_v2_ws/src'), ('DESKTOP_SESSION', 'ubuntu'), ('ROS_PYTHON_VERSION', '3'), ('GNOME_SHELL_SESSION_MODE', 'ubuntu'), ('GTK_MODULES', 'gail:atk-bridge'), ('SYSTEMD_EXEC_PID', '1388'), ('DBUS_SESSION_BUS_ADDRESS', 'unix:path=/run/user/1000/bus'), ('COLORTERM', 'truecolor'), ('IM_CONFIG_PHASE', '1'), ('WAYLAND_DISPLAY', 'wayland-0'), ('ROS_DISTRO', 'humble'), ('LOGNAME', 'anyell'), ('_', '/usr/bin/colcon'), ('ROS_VERSION', '2'), ('XDG_SESSION_CLASS', 'user'), ('USERNAME', 'anyell'), ('TERM', 'xterm-256color'), ('GNOME_DESKTOP_SESSION_ID', 'this-is-deprecated'), ('ROS_LOCALHOST_ONLY', '0'), ('PATH', '/opt/ros/humble/bin:/usr/local/sbin:/usr/local/bin:/usr/sbin:/usr/bin:/sbin:/bin:/usr/games:/usr/local/games:/snap/bin:/snap/bin'), ('SESSION_MANAGER', 'local/ahabp-rpi4:@/tmp/.ICE-unix/1363,unix/ahabp-rpi4:/tmp/.ICE-unix/1363'), ('XDG_MENU_PREFIX', 'gnome-'), ('GNOME_TERMINAL_SCREEN', '/org/gnome/Terminal/screen/fa8ecda9_fe8a_4bb5_be1f_aa8540409117'), ('GNOME_SETUP_DISPLAY', ':1'), ('XDG_RUNTIME_DIR', '/run/user/1000'), ('DISPLAY', ':0'), ('LANG', 'en_US.UTF-8'), ('XDG_CURRENT_DESKTOP', 'ubuntu:GNOME'), ('XMODIFIERS', '@im=ibus'), ('XDG_SESSION_DESKTOP', 'ubuntu'), ('XAUTHORITY', '/run/user/1000/.mutter-Xwaylandauth.BE5VK2'), ('LS_COLORS', 'rs=0:di=01;34:ln=01;36:mh=00:pi=40;33:so=01;35:do=01;35:bd=40;33;01:cd=40;33;01:or=40;31;01:mi=00:su=37;41:sg=30;43:ca=30;41:tw=30;42:ow=34;42:st=37;44:ex=01;32:*.tar=01;31:*.tgz=01;31:*.arc=01;31:*.arj=01;31:*.taz=01;31:*.lha=01;31:*.lz4=01;31:*.lzh=01;31:*.lzma=01;31:*.tlz=01;31:*.txz=01;31:*.tzo=01;31:*.t7z=01;31:*.zip=01;31:*.z=01;31:*.dz=01;31:*.gz=01;31:*.lrz=01;31:*.lz=01;31:*.lzo=01;31:*.xz=01;31:*.zst=01;31:*.tzst=01;31:*.bz2=01;31:*.bz=01;31:*.tbz=01;31:*.tbz2=01;31:*.tz=01;31:*.deb=01;31:*.rpm=01;31:*.jar=01;31:*.war=01;31:*.ear=01;31:*.sar=01;31:*.rar=01;31:*.alz=01;31:*.ace=01;31:*.zoo=01;31:*.cpio=01;31:*.7z=01;31:*.rz=01;31:*.cab=01;31:*.wim=01;31:*.swm=01;31:*.dwm=01;31:*.esd=01;31:*.jpg=01;35:*.jpeg=01;35:*.mjpg=01;35:*.mjpeg=01;35:*.gif=01;35:*.bmp=01;35:*.pbm=01;35:*.pgm=01;35:*.ppm=01;35:*.tga=01;35:*.xbm=01;35:*.xpm=01;35:*.tif=01;35:*.tiff=01;35:*.png=01;35:*.svg=01;35:*.svgz=01;35:*.mng=01;35:*.pcx=01;35:*.mov=01;35:*.mpg=01;35:*.mpeg=01;35:*.m2v=01;35:*.mkv=01;35:*.webm=01;35:*.webp=01;35:*.ogm=01;35:*.mp4=01;35:*.m4v=01;35:*.mp4v=01;35:*.vob=01;35:*.qt=01;35:*.nuv=01;35:*.wmv=01;35:*.asf=01;35:*.rm=01;35:*.rmvb=01;35:*.flc=01;35:*.avi=01;35:*.fli=01;35:*.flv=01;35:*.gl=01;35:*.dl=01;35:*.xcf=01;35:*.xwd=01;35:*.yuv=01;35:*.cgm=01;35:*.emf=01;35:*.ogv=01;35:*.ogx=01;35:*.aac=00;36:*.au=00;36:*.flac=00;36:*.m4a=00;36:*.mid=00;36:*.midi=00;36:*.mka=00;36:*.mp3=00;36:*.mpc=00;36:*.ogg=00;36:*.ra=00;36:*.wav=00;36:*.oga=00;36:*.opus=00;36:*.spx=00;36:*.xspf=00;36:'), ('GNOME_TERMINAL_SERVICE', ':1.124'), ('SSH_AGENT_LAUNCHER', 'gnome-keyring'), ('SSH_AUTH_SOCK', '/run/user/1000/keyring/ssh'), ('AMENT_PREFIX_PATH', '/opt/ros/humble'), ('SHELL', '/bin/bash'), ('QT_ACCESSIBILITY', '1'), ('GDMSESSION', 'ubuntu'), ('LESSCLOSE', '/usr/bin/lesspipe %s %s'), ('QT_IM_MODULE', 'ibus'), ('PWD', '/home/anyell/ahabp_v2_ws/build/microxrcedds_agent'), ('LC_ALL', 'en_US.UTF-8'), ('XDG_CONFIG_DIRS', '/etc/xdg/xdg-ubuntu:/etc/xdg'), ('XDG_DATA_DIRS', '/usr/share/ubuntu:/usr/local/share/:/usr/share/:/var/lib/snapd/desktop'), ('PYTHONPATH', '/opt/ros/humble/lib/python3.10/site-packages:/opt/ros/humble/local/lib/python3.10/dist-packages'), ('COLCON', '1'), ('VTE_VERSION', '6800')]), 'shell': False}
[0.316862] (-) TimerEvent: {}
[0.418195] (-) TimerEvent: {}
[0.519600] (-) TimerEvent: {}
[0.621019] (-) TimerEvent: {}
[0.722477] (-) TimerEvent: {}
[0.823923] (-) TimerEvent: {}
[0.926363] (-) TimerEvent: {}
[1.028768] (-) TimerEvent: {}
[1.130329] (-) TimerEvent: {}
[1.235721] (-) TimerEvent: {}
[1.336866] (-) TimerEvent: {}
[1.437927] (-) TimerEvent: {}
[1.539125] (-) TimerEvent: {}
[1.640255] (-) TimerEvent: {}
[1.749262] (-) TimerEvent: {}
[1.851109] (-) TimerEvent: {}
[1.953557] (-) TimerEvent: {}
[2.055070] (-) TimerEvent: {}
[2.157549] (-) TimerEvent: {}
[2.258449] (-) TimerEvent: {}
[2.359814] (-) TimerEvent: {}
[2.462263] (-) TimerEvent: {}
[2.563309] (-) TimerEvent: {}
[2.664318] (-) TimerEvent: {}
[2.765408] (-) TimerEvent: {}
[2.866509] (-) TimerEvent: {}
[2.967681] (-) TimerEvent: {}
[3.068970] (-) TimerEvent: {}
[3.169945] (-) TimerEvent: {}
[3.271127] (-) TimerEvent: {}
[3.372274] (-) TimerEvent: {}
[3.475001] (-) TimerEvent: {}
[3.547085] (v4l2_camera) JobProgress: {'identifier': 'v4l2_camera', 'progress': 'cmake'}
[3.555781] (v4l2_camera) JobProgress: {'identifier': 'v4l2_camera', 'progress': 'build'}
[3.558886] (v4l2_camera) Command: {'cmd': ['/usr/bin/cmake', '--build', '/home/anyell/ahabp_v2_ws/build/v4l2_camera', '--', '-j4', '-l4'], 'cwd': '/home/anyell/ahabp_v2_ws/build/v4l2_camera', 'env': OrderedDict([('LESSOPEN', '| /usr/bin/lesspipe %s'), ('USER', 'anyell'), ('XDG_SESSION_TYPE', 'wayland'), ('SHLVL', '1'), ('LD_LIBRARY_PATH', '/opt/ros/humble/opt/rviz_ogre_vendor/lib:/opt/ros/humble/lib/aarch64-linux-gnu:/opt/ros/humble/lib'), ('HOME', '/home/anyell'), ('OLDPWD', '/home/anyell/ahabp_v2_ws/src'), ('DESKTOP_SESSION', 'ubuntu'), ('ROS_PYTHON_VERSION', '3'), ('GNOME_SHELL_SESSION_MODE', 'ubuntu'), ('GTK_MODULES', 'gail:atk-bridge'), ('SYSTEMD_EXEC_PID', '1388'), ('DBUS_SESSION_BUS_ADDRESS', 'unix:path=/run/user/1000/bus'), ('COLORTERM', 'truecolor'), ('IM_CONFIG_PHASE', '1'), ('WAYLAND_DISPLAY', 'wayland-0'), ('ROS_DISTRO', 'humble'), ('LOGNAME', 'anyell'), ('_', '/usr/bin/colcon'), ('ROS_VERSION', '2'), ('XDG_SESSION_CLASS', 'user'), ('USERNAME', 'anyell'), ('TERM', 'xterm-256color'), ('GNOME_DESKTOP_SESSION_ID', 'this-is-deprecated'), ('ROS_LOCALHOST_ONLY', '0'), ('PATH', '/opt/ros/humble/bin:/usr/local/sbin:/usr/local/bin:/usr/sbin:/usr/bin:/sbin:/bin:/usr/games:/usr/local/games:/snap/bin:/snap/bin'), ('SESSION_MANAGER', 'local/ahabp-rpi4:@/tmp/.ICE-unix/1363,unix/ahabp-rpi4:/tmp/.ICE-unix/1363'), ('XDG_MENU_PREFIX', 'gnome-'), ('GNOME_TERMINAL_SCREEN', '/org/gnome/Terminal/screen/fa8ecda9_fe8a_4bb5_be1f_aa8540409117'), ('GNOME_SETUP_DISPLAY', ':1'), ('XDG_RUNTIME_DIR', '/run/user/1000'), ('DISPLAY', ':0'), ('LANG', 'en_US.UTF-8'), ('XDG_CURRENT_DESKTOP', 'ubuntu:GNOME'), ('XMODIFIERS', '@im=ibus'), ('XDG_SESSION_DESKTOP', 'ubuntu'), ('XAUTHORITY', '/run/user/1000/.mutter-Xwaylandauth.BE5VK2'), ('LS_COLORS', 'rs=0:di=01;34:ln=01;36:mh=00:pi=40;33:so=01;35:do=01;35:bd=40;33;01:cd=40;33;01:or=40;31;01:mi=00:su=37;41:sg=30;43:ca=30;41:tw=30;42:ow=34;42:st=37;44:ex=01;32:*.tar=01;31:*.tgz=01;31:*.arc=01;31:*.arj=01;31:*.taz=01;31:*.lha=01;31:*.lz4=01;31:*.lzh=01;31:*.lzma=01;31:*.tlz=01;31:*.txz=01;31:*.tzo=01;31:*.t7z=01;31:*.zip=01;31:*.z=01;31:*.dz=01;31:*.gz=01;31:*.lrz=01;31:*.lz=01;31:*.lzo=01;31:*.xz=01;31:*.zst=01;31:*.tzst=01;31:*.bz2=01;31:*.bz=01;31:*.tbz=01;31:*.tbz2=01;31:*.tz=01;31:*.deb=01;31:*.rpm=01;31:*.jar=01;31:*.war=01;31:*.ear=01;31:*.sar=01;31:*.rar=01;31:*.alz=01;31:*.ace=01;31:*.zoo=01;31:*.cpio=01;31:*.7z=01;31:*.rz=01;31:*.cab=01;31:*.wim=01;31:*.swm=01;31:*.dwm=01;31:*.esd=01;31:*.jpg=01;35:*.jpeg=01;35:*.mjpg=01;35:*.mjpeg=01;35:*.gif=01;35:*.bmp=01;35:*.pbm=01;35:*.pgm=01;35:*.ppm=01;35:*.tga=01;35:*.xbm=01;35:*.xpm=01;35:*.tif=01;35:*.tiff=01;35:*.png=01;35:*.svg=01;35:*.svgz=01;35:*.mng=01;35:*.pcx=01;35:*.mov=01;35:*.mpg=01;35:*.mpeg=01;35:*.m2v=01;35:*.mkv=01;35:*.webm=01;35:*.webp=01;35:*.ogm=01;35:*.mp4=01;35:*.m4v=01;35:*.mp4v=01;35:*.vob=01;35:*.qt=01;35:*.nuv=01;35:*.wmv=01;35:*.asf=01;35:*.rm=01;35:*.rmvb=01;35:*.flc=01;35:*.avi=01;35:*.fli=01;35:*.flv=01;35:*.gl=01;35:*.dl=01;35:*.xcf=01;35:*.xwd=01;35:*.yuv=01;35:*.cgm=01;35:*.emf=01;35:*.ogv=01;35:*.ogx=01;35:*.aac=00;36:*.au=00;36:*.flac=00;36:*.m4a=00;36:*.mid=00;36:*.midi=00;36:*.mka=00;36:*.mp3=00;36:*.mpc=00;36:*.ogg=00;36:*.ra=00;36:*.wav=00;36:*.oga=00;36:*.opus=00;36:*.spx=00;36:*.xspf=00;36:'), ('GNOME_TERMINAL_SERVICE', ':1.124'), ('SSH_AGENT_LAUNCHER', 'gnome-keyring'), ('SSH_AUTH_SOCK', '/run/user/1000/keyring/ssh'), ('AMENT_PREFIX_PATH', '/opt/ros/humble'), ('SHELL', '/bin/bash'), ('QT_ACCESSIBILITY', '1'), ('GDMSESSION', 'ubuntu'), ('LESSCLOSE', '/usr/bin/lesspipe %s %s'), ('QT_IM_MODULE', 'ibus'), ('PWD', '/home/anyell/ahabp_v2_ws/build/v4l2_camera'), ('LC_ALL', 'en_US.UTF-8'), ('XDG_CONFIG_DIRS', '/etc/xdg/xdg-ubuntu:/etc/xdg'), ('XDG_DATA_DIRS', '/usr/share/ubuntu:/usr/local/share/:/usr/share/:/var/lib/snapd/desktop'), ('PYTHONPATH', '/opt/ros/humble/lib/python3.10/site-packages:/opt/ros/humble/local/lib/python3.10/dist-packages'), ('COLCON', '1'), ('VTE_VERSION', '6800'), ('CMAKE_PREFIX_PATH', '/opt/ros/humble')]), 'shell': False}
[3.580302] (-) TimerEvent: {}
[3.598733] (microxrcedds_agent) StdoutLine: {'line': b'[ 96%] Built target microxrcedds_agent\n'}
[3.600246] (microxrcedds_agent) StdoutLine: {'line': b'[100%] Built target MicroXRCEAgent\n'}
[3.613199] (microxrcedds_agent) CommandEnded: {'returncode': 0}
[3.680598] (-) TimerEvent: {}
[3.781833] (-) TimerEvent: {}
[3.888954] (-) TimerEvent: {}
[3.990015] (-) TimerEvent: {}
[4.046126] (v4l2_camera) StdoutLine: {'line': b'\x1b[35m\x1b[1mConsolidate compiler generated dependencies of target v4l2_camera\x1b[0m\n'}
[4.090215] (-) TimerEvent: {}
[4.191231] (-) TimerEvent: {}
[4.293750] (-) TimerEvent: {}
[4.301363] (v4l2_camera) StdoutLine: {'line': b'[ 50%] Built target v4l2_camera\n'}
[4.394048] (-) TimerEvent: {}
[4.453896] (v4l2_camera) StdoutLine: {'line': b'\x1b[35m\x1b[1mConsolidate compiler generated dependencies of target v4l2_camera_compose_test\x1b[0m\n'}
[4.480188] (v4l2_camera) StdoutLine: {'line': b'\x1b[35m\x1b[1mConsolidate compiler generated dependencies of target v4l2_camera_node\x1b[0m\n'}
[4.496983] (-) TimerEvent: {}
[4.597943] (-) TimerEvent: {}
[4.691781] (v4l2_camera) StdoutLine: {'line': b'[ 75%] Built target v4l2_camera_compose_test\n'}
[4.698191] (-) TimerEvent: {}
[4.799190] (-) TimerEvent: {}
[4.900949] (-) TimerEvent: {}
[4.924732] (v4l2_camera) StdoutLine: {'line': b'[100%] Built target v4l2_camera_node\n'}
[5.001227] (-) TimerEvent: {}
[5.107202] (v4l2_camera) CommandEnded: {'returncode': 0}
[5.109905] (-) TimerEvent: {}
[5.211090] (-) TimerEvent: {}
[5.312287] (-) TimerEvent: {}
[5.426743] (-) TimerEvent: {}
[5.528803] (-) TimerEvent: {}
[5.572984] (v4l2_camera) JobProgress: {'identifier': 'v4l2_camera', 'progress': 'install'}
[5.629091] (-) TimerEvent: {}
[5.651083] (v4l2_camera) Command: {'cmd': ['/usr/bin/cmake', '--install', '/home/anyell/ahabp_v2_ws/build/v4l2_camera'], 'cwd': '/home/anyell/ahabp_v2_ws/build/v4l2_camera', 'env': OrderedDict([('LESSOPEN', '| /usr/bin/lesspipe %s'), ('USER', 'anyell'), ('XDG_SESSION_TYPE', 'wayland'), ('SHLVL', '1'), ('LD_LIBRARY_PATH', '/opt/ros/humble/opt/rviz_ogre_vendor/lib:/opt/ros/humble/lib/aarch64-linux-gnu:/opt/ros/humble/lib'), ('HOME', '/home/anyell'), ('OLDPWD', '/home/anyell/ahabp_v2_ws/src'), ('DESKTOP_SESSION', 'ubuntu'), ('ROS_PYTHON_VERSION', '3'), ('GNOME_SHELL_SESSION_MODE', 'ubuntu'), ('GTK_MODULES', 'gail:atk-bridge'), ('SYSTEMD_EXEC_PID', '1388'), ('DBUS_SESSION_BUS_ADDRESS', 'unix:path=/run/user/1000/bus'), ('COLORTERM', 'truecolor'), ('IM_CONFIG_PHASE', '1'), ('WAYLAND_DISPLAY', 'wayland-0'), ('ROS_DISTRO', 'humble'), ('LOGNAME', 'anyell'), ('_', '/usr/bin/colcon'), ('ROS_VERSION', '2'), ('XDG_SESSION_CLASS', 'user'), ('USERNAME', 'anyell'), ('TERM', 'xterm-256color'), ('GNOME_DESKTOP_SESSION_ID', 'this-is-deprecated'), ('ROS_LOCALHOST_ONLY', '0'), ('PATH', '/opt/ros/humble/bin:/usr/local/sbin:/usr/local/bin:/usr/sbin:/usr/bin:/sbin:/bin:/usr/games:/usr/local/games:/snap/bin:/snap/bin'), ('SESSION_MANAGER', 'local/ahabp-rpi4:@/tmp/.ICE-unix/1363,unix/ahabp-rpi4:/tmp/.ICE-unix/1363'), ('XDG_MENU_PREFIX', 'gnome-'), ('GNOME_TERMINAL_SCREEN', '/org/gnome/Terminal/screen/fa8ecda9_fe8a_4bb5_be1f_aa8540409117'), ('GNOME_SETUP_DISPLAY', ':1'), ('XDG_RUNTIME_DIR', '/run/user/1000'), ('DISPLAY', ':0'), ('LANG', 'en_US.UTF-8'), ('XDG_CURRENT_DESKTOP', 'ubuntu:GNOME'), ('XMODIFIERS', '@im=ibus'), ('XDG_SESSION_DESKTOP', 'ubuntu'), ('XAUTHORITY', '/run/user/1000/.mutter-Xwaylandauth.BE5VK2'), ('LS_COLORS', 'rs=0:di=01;34:ln=01;36:mh=00:pi=40;33:so=01;35:do=01;35:bd=40;33;01:cd=40;33;01:or=40;31;01:mi=00:su=37;41:sg=30;43:ca=30;41:tw=30;42:ow=34;42:st=37;44:ex=01;32:*.tar=01;31:*.tgz=01;31:*.arc=01;31:*.arj=01;31:*.taz=01;31:*.lha=01;31:*.lz4=01;31:*.lzh=01;31:*.lzma=01;31:*.tlz=01;31:*.txz=01;31:*.tzo=01;31:*.t7z=01;31:*.zip=01;31:*.z=01;31:*.dz=01;31:*.gz=01;31:*.lrz=01;31:*.lz=01;31:*.lzo=01;31:*.xz=01;31:*.zst=01;31:*.tzst=01;31:*.bz2=01;31:*.bz=01;31:*.tbz=01;31:*.tbz2=01;31:*.tz=01;31:*.deb=01;31:*.rpm=01;31:*.jar=01;31:*.war=01;31:*.ear=01;31:*.sar=01;31:*.rar=01;31:*.alz=01;31:*.ace=01;31:*.zoo=01;31:*.cpio=01;31:*.7z=01;31:*.rz=01;31:*.cab=01;31:*.wim=01;31:*.swm=01;31:*.dwm=01;31:*.esd=01;31:*.jpg=01;35:*.jpeg=01;35:*.mjpg=01;35:*.mjpeg=01;35:*.gif=01;35:*.bmp=01;35:*.pbm=01;35:*.pgm=01;35:*.ppm=01;35:*.tga=01;35:*.xbm=01;35:*.xpm=01;35:*.tif=01;35:*.tiff=01;35:*.png=01;35:*.svg=01;35:*.svgz=01;35:*.mng=01;35:*.pcx=01;35:*.mov=01;35:*.mpg=01;35:*.mpeg=01;35:*.m2v=01;35:*.mkv=01;35:*.webm=01;35:*.webp=01;35:*.ogm=01;35:*.mp4=01;35:*.m4v=01;35:*.mp4v=01;35:*.vob=01;35:*.qt=01;35:*.nuv=01;35:*.wmv=01;35:*.asf=01;35:*.rm=01;35:*.rmvb=01;35:*.flc=01;35:*.avi=01;35:*.fli=01;35:*.flv=01;35:*.gl=01;35:*.dl=01;35:*.xcf=01;35:*.xwd=01;35:*.yuv=01;35:*.cgm=01;35:*.emf=01;35:*.ogv=01;35:*.ogx=01;35:*.aac=00;36:*.au=00;36:*.flac=00;36:*.m4a=00;36:*.mid=00;36:*.midi=00;36:*.mka=00;36:*.mp3=00;36:*.mpc=00;36:*.ogg=00;36:*.ra=00;36:*.wav=00;36:*.oga=00;36:*.opus=00;36:*.spx=00;36:*.xspf=00;36:'), ('GNOME_TERMINAL_SERVICE', ':1.124'), ('SSH_AGENT_LAUNCHER', 'gnome-keyring'), ('SSH_AUTH_SOCK', '/run/user/1000/keyring/ssh'), ('AMENT_PREFIX_PATH', '/opt/ros/humble'), ('SHELL', '/bin/bash'), ('QT_ACCESSIBILITY', '1'), ('GDMSESSION', 'ubuntu'), ('LESSCLOSE', '/usr/bin/lesspipe %s %s'), ('QT_IM_MODULE', 'ibus'), ('PWD', '/home/anyell/ahabp_v2_ws/build/v4l2_camera'), ('LC_ALL', 'en_US.UTF-8'), ('XDG_CONFIG_DIRS', '/etc/xdg/xdg-ubuntu:/etc/xdg'), ('XDG_DATA_DIRS', '/usr/share/ubuntu:/usr/local/share/:/usr/share/:/var/lib/snapd/desktop'), ('PYTHONPATH', '/opt/ros/humble/lib/python3.10/site-packages:/opt/ros/humble/local/lib/python3.10/dist-packages'), ('COLCON', '1'), ('VTE_VERSION', '6800'), ('CMAKE_PREFIX_PATH', '/opt/ros/humble')]), 'shell': False}
[5.729339] (-) TimerEvent: {}
[5.737434] (v4l2_camera) StdoutLine: {'line': b'-- Install configuration: ""\n'}
[5.742611] (v4l2_camera) StdoutLine: {'line': b'-- Up-to-date: /home/anyell/ahabp_v2_ws/install/v4l2_camera/include\n'}
[5.748660] (v4l2_camera) StdoutLine: {'line': b'-- Up-to-date: /home/anyell/ahabp_v2_ws/install/v4l2_camera/include/v4l2_camera\n'}
[5.753141] (v4l2_camera) StdoutLine: {'line': b'-- Up-to-date: /home/anyell/ahabp_v2_ws/install/v4l2_camera/include/v4l2_camera/pixel_format.hpp\n'}
[5.760962] (v4l2_camera) StdoutLine: {'line': b'-- Up-to-date: /home/anyell/ahabp_v2_ws/install/v4l2_camera/include/v4l2_camera/image_format.hpp\n'}
[5.765740] (v4l2_camera) StdoutLine: {'line': b'-- Up-to-date: /home/anyell/ahabp_v2_ws/install/v4l2_camera/include/v4l2_camera/visibility_control.h\n'}
[5.772670] (v4l2_camera) StdoutLine: {'line': b'-- Up-to-date: /home/anyell/ahabp_v2_ws/install/v4l2_camera/include/v4l2_camera/v4l2_camera_device.hpp\n'}
[5.794543] (v4l2_camera) StdoutLine: {'line': b'-- Up-to-date: /home/anyell/ahabp_v2_ws/install/v4l2_camera/include/v4l2_camera/v4l2_camera.hpp\n'}
[5.799566] (v4l2_camera) StdoutLine: {'line': b'-- Up-to-date: /home/anyell/ahabp_v2_ws/install/v4l2_camera/include/v4l2_camera/fourcc.hpp\n'}
[5.819892] (v4l2_camera) StdoutLine: {'line': b'-- Up-to-date: /home/anyell/ahabp_v2_ws/install/v4l2_camera/include/v4l2_camera/control.hpp\n'}
[5.826930] (v4l2_camera) StdoutLine: {'line': b'-- Up-to-date: /home/anyell/ahabp_v2_ws/install/v4l2_camera/include/v4l2_camera/parameters.hpp\n'}
[5.828164] (v4l2_camera) StdoutLine: {'line': b'-- Up-to-date: /home/anyell/ahabp_v2_ws/install/v4l2_camera/lib/libv4l2_camera.so\n'}
[5.829056] (v4l2_camera) StdoutLine: {'line': b'-- Up-to-date: /home/anyell/ahabp_v2_ws/install/v4l2_camera/lib/v4l2_camera/v4l2_camera_node\n'}
[5.829697] (-) TimerEvent: {}
[5.831905] (v4l2_camera) StdoutLine: {'line': b'-- Up-to-date: /home/anyell/ahabp_v2_ws/install/v4l2_camera/lib/v4l2_camera/v4l2_camera_compose_test\n'}
[5.833548] (v4l2_camera) StdoutLine: {'line': b'-- Up-to-date: /home/anyell/ahabp_v2_ws/install/v4l2_camera/share/v4l2_camera/environment/library_path.sh\n'}
[5.834740] (v4l2_camera) StdoutLine: {'line': b'-- Up-to-date: /home/anyell/ahabp_v2_ws/install/v4l2_camera/share/v4l2_camera/environment/library_path.dsv\n'}
[5.835880] (v4l2_camera) StdoutLine: {'line': b'-- Up-to-date: /home/anyell/ahabp_v2_ws/install/v4l2_camera/share/ament_index/resource_index/package_run_dependencies/v4l2_camera\n'}
[5.837407] (v4l2_camera) StdoutLine: {'line': b'-- Up-to-date: /home/anyell/ahabp_v2_ws/install/v4l2_camera/share/ament_index/resource_index/parent_prefix_path/v4l2_camera\n'}
[5.838637] (v4l2_camera) StdoutLine: {'line': b'-- Up-to-date: /home/anyell/ahabp_v2_ws/install/v4l2_camera/share/v4l2_camera/environment/ament_prefix_path.sh\n'}
[5.839687] (v4l2_camera) StdoutLine: {'line': b'-- Up-to-date: /home/anyell/ahabp_v2_ws/install/v4l2_camera/share/v4l2_camera/environment/ament_prefix_path.dsv\n'}
[5.842735] (v4l2_camera) StdoutLine: {'line': b'-- Up-to-date: /home/anyell/ahabp_v2_ws/install/v4l2_camera/share/v4l2_camera/environment/path.sh\n'}
[5.843859] (v4l2_camera) StdoutLine: {'line': b'-- Up-to-date: /home/anyell/ahabp_v2_ws/install/v4l2_camera/share/v4l2_camera/environment/path.dsv\n'}
[5.860787] (v4l2_camera) StdoutLine: {'line': b'-- Up-to-date: /home/anyell/ahabp_v2_ws/install/v4l2_camera/share/v4l2_camera/local_setup.bash\n'}
[5.861484] (v4l2_camera) StdoutLine: {'line': b'-- Up-to-date: /home/anyell/ahabp_v2_ws/install/v4l2_camera/share/v4l2_camera/local_setup.sh\n'}
[5.862088] (v4l2_camera) StdoutLine: {'line': b'-- Up-to-date: /home/anyell/ahabp_v2_ws/install/v4l2_camera/share/v4l2_camera/local_setup.zsh\n'}
[5.862681] (v4l2_camera) StdoutLine: {'line': b'-- Up-to-date: /home/anyell/ahabp_v2_ws/install/v4l2_camera/share/v4l2_camera/local_setup.dsv\n'}
[5.863222] (v4l2_camera) StdoutLine: {'line': b'-- Installing: /home/anyell/ahabp_v2_ws/install/v4l2_camera/share/v4l2_camera/package.dsv\n'}
[5.863780] (v4l2_camera) StdoutLine: {'line': b'-- Up-to-date: /home/anyell/ahabp_v2_ws/install/v4l2_camera/share/ament_index/resource_index/packages/v4l2_camera\n'}
[5.864295] (v4l2_camera) StdoutLine: {'line': b'-- Up-to-date: /home/anyell/ahabp_v2_ws/install/v4l2_camera/share/ament_index/resource_index/rclcpp_components/v4l2_camera\n'}
[5.865013] (v4l2_camera) StdoutLine: {'line': b'-- Up-to-date: /home/anyell/ahabp_v2_ws/install/v4l2_camera/share/v4l2_camera/cmake/export_v4l2_cameraExport.cmake\n'}
[5.865719] (v4l2_camera) StdoutLine: {'line': b'-- Up-to-date: /home/anyell/ahabp_v2_ws/install/v4l2_camera/share/v4l2_camera/cmake/export_v4l2_cameraExport-noconfig.cmake\n'}
[5.866385] (v4l2_camera) StdoutLine: {'line': b'-- Up-to-date: /home/anyell/ahabp_v2_ws/install/v4l2_camera/share/v4l2_camera/cmake/ament_cmake_export_include_directories-extras.cmake\n'}
[5.867006] (v4l2_camera) StdoutLine: {'line': b'-- Up-to-date: /home/anyell/ahabp_v2_ws/install/v4l2_camera/share/v4l2_camera/cmake/ament_cmake_export_targets-extras.cmake\n'}
[5.867681] (v4l2_camera) StdoutLine: {'line': b'-- Up-to-date: /home/anyell/ahabp_v2_ws/install/v4l2_camera/share/v4l2_camera/cmake/ament_cmake_export_libraries-extras.cmake\n'}
[5.868298] (v4l2_camera) StdoutLine: {'line': b'-- Up-to-date: /home/anyell/ahabp_v2_ws/install/v4l2_camera/share/v4l2_camera/cmake/ament_cmake_export_dependencies-extras.cmake\n'}
[5.868974] (v4l2_camera) StdoutLine: {'line': b'-- Up-to-date: /home/anyell/ahabp_v2_ws/install/v4l2_camera/share/v4l2_camera/cmake/v4l2_cameraConfig.cmake\n'}
[5.869505] (v4l2_camera) StdoutLine: {'line': b'-- Up-to-date: /home/anyell/ahabp_v2_ws/install/v4l2_camera/share/v4l2_camera/cmake/v4l2_cameraConfig-version.cmake\n'}
[5.870198] (v4l2_camera) StdoutLine: {'line': b'-- Up-to-date: /home/anyell/ahabp_v2_ws/install/v4l2_camera/share/v4l2_camera/package.xml\n'}
[5.870787] (v4l2_camera) CommandEnded: {'returncode': 0}
[5.929923] (-) TimerEvent: {}
[6.031281] (-) TimerEvent: {}
[6.132513] (-) TimerEvent: {}
[6.234635] (-) TimerEvent: {}
[6.336801] (-) TimerEvent: {}
[6.438883] (-) TimerEvent: {}
[6.443822] (v4l2_camera) StderrLine: {'line': b'Traceback (most recent call last):\n  File "/usr/lib/python3/dist-packages/colcon_parallel_executor/executor/parallel.py", line 75, in execute\n    loop.run_until_complete(future)\n  File "/usr/lib/python3.10/asyncio/base_events.py", line 636, in run_until_complete\n    self.run_forever()\n  File "/usr/lib/python3.10/asyncio/base_events.py", line 603, in run_forever\n    self._run_once()\n  File "/usr/lib/python3.10/asyncio/base_events.py", line 1871, in _run_once\n    event_list = self._selector.select(timeout)\n  File "/usr/lib/python3.10/selectors.py", line 469, in select\n    fd_event_list = self._selector.poll(timeout, max_ev)\nKeyboardInterrupt\n\nDuring handling of the above exception, another exception occurred:\n\nTraceback (most recent call last):\n  File "/usr/lib/python3/dist-packages/colcon_core/executor/__init__.py", line 91, in __call__\n    rc = await self.task(*args, **kwargs)\n  File "/usr/lib/python3/dist-packages/colcon_core/task/__init__.py", line 93, in __call__\n    return await task_method(*args, **kwargs)\n  File "/usr/lib/python3/dist-packages/colcon_ros/task/ament_cmake/build.py", line 65, in build\n    has_install_target = await has_target(args.build_base, \'install\')\n  File "/usr/lib/python3/dist-packages/colcon_cmake/task/cmake/__init__.py", line 57, in has_target\n    return target in await get_makefile_targets(path)\n  File "/usr/lib/python3/dist-packages/colcon_cmake/task/cmake/__init__.py", line 77, in get_makefile_targets\n    output = await check_output([\n  File "/usr/lib/python3/dist-packages/colcon_core/subprocess.py", line 129, in check_output\n    assert not rc, f\'Expected {args} to pass: {stderr_data}\'\nAssertionError: Expected [\'/usr/bin/cmake\', \'--build\', \'/home/anyell/ahabp_v2_ws/build/v4l2_camera\', \'--target\', \'help\'] to pass: gmake: *** [Makefile:384: help] Interrupt\n\n'}
[6.450159] (v4l2_camera) JobEnded: {'identifier': 'v4l2_camera', 'rc': 'SIGINT'}
[6.458172] (px4_msgs) JobEnded: {'identifier': 'px4_msgs', 'rc': 'SIGINT'}
[6.468533] (microxrcedds_agent) JobEnded: {'identifier': 'microxrcedds_agent', 'rc': 'SIGINT'}
[6.539232] (-) TimerEvent: {}
[6.585563] (py_pubsub) JobEnded: {'identifier': 'py_pubsub', 'rc': 'SIGINT'}
[6.602374] (ahabp_pkg) JobSkipped: {'identifier': 'ahabp_pkg'}
[6.602735] (px4_ros_com) JobSkipped: {'identifier': 'px4_ros_com'}
[6.603023] (-) EventReactorShutdown: {}
