[0.532s] DEBUG:colcon:Command line arguments: ['/usr/bin/colcon', 'build', '--executor', 'sequential']
[0.533s] DEBUG:colcon:Parsed command line arguments: Namespace(log_base=None, log_level=None, verb_name='build', build_base='build', install_base='install', merge_install=False, symlink_install=False, test_result_base=None, continue_on_error=False, executor='sequential', parallel_workers=4, event_handlers=None, ignore_user_meta=False, metas=['./colcon.meta'], base_paths=['.'], packages_ignore=None, packages_ignore_regex=None, paths=None, packages_up_to=None, packages_up_to_regex=None, packages_above=None, packages_above_and_dependencies=None, packages_above_depth=None, packages_select_by_dep=None, packages_skip_by_dep=None, packages_skip_up_to=None, packages_select_build_failed=False, packages_skip_build_finished=False, packages_select_test_failures=False, packages_skip_test_passed=False, packages_select=None, packages_skip=None, packages_select_regex=None, packages_skip_regex=None, packages_start=None, packages_end=None, allow_overriding=[], cmake_args=None, cmake_target=None, cmake_target_skip_unavailable=False, cmake_clean_cache=False, cmake_clean_first=False, cmake_force_configure=False, ament_cmake_args=None, catkin_cmake_args=None, catkin_skip_building_tests=False, verb_parser=<colcon_defaults.argument_parser.defaults.DefaultArgumentsDecorator object at 0xffff9947cf40>, verb_extension=<colcon_core.verb.build.BuildVerb object at 0xffff995b9b40>, main=<bound method BuildVerb.main of <colcon_core.verb.build.BuildVerb object at 0xffff995b9b40>>)
[1.924s] Level 1:colcon.colcon_core.package_discovery:discover_packages(colcon_meta) check parameters
[1.925s] Level 1:colcon.colcon_core.package_discovery:discover_packages(recursive) check parameters
[1.925s] Level 1:colcon.colcon_core.package_discovery:discover_packages(ignore) check parameters
[1.926s] Level 1:colcon.colcon_core.package_discovery:discover_packages(path) check parameters
[1.926s] Level 1:colcon.colcon_core.package_discovery:discover_packages(colcon_meta) discover
[1.927s] Level 1:colcon.colcon_core.package_discovery:discover_packages(recursive) discover
[1.927s] INFO:colcon.colcon_core.package_discovery:Crawling recursively for packages in '/home/anyell/ahabp_v2_ws'
[1.928s] Level 1:colcon.colcon_core.package_identification:_identify(.) by extensions ['ignore', 'ignore_ament_install']
[1.929s] Level 1:colcon.colcon_core.package_identification:_identify(.) by extension 'ignore'
[1.930s] Level 1:colcon.colcon_core.package_identification:_identify(.) by extension 'ignore_ament_install'
[1.931s] Level 1:colcon.colcon_core.package_identification:_identify(.) by extensions ['colcon_pkg']
[1.931s] Level 1:colcon.colcon_core.package_identification:_identify(.) by extension 'colcon_pkg'
[1.932s] Level 1:colcon.colcon_core.package_identification:_identify(.) by extensions ['colcon_meta']
[1.932s] Level 1:colcon.colcon_core.package_identification:_identify(.) by extension 'colcon_meta'
[1.933s] Level 1:colcon.colcon_core.package_identification:_identify(.) by extensions ['ros']
[1.933s] Level 1:colcon.colcon_core.package_identification:_identify(.) by extension 'ros'
[1.997s] Level 1:colcon.colcon_core.package_identification:_identify(.) by extensions ['cmake', 'python']
[1.997s] Level 1:colcon.colcon_core.package_identification:_identify(.) by extension 'cmake'
[1.997s] Level 1:colcon.colcon_core.package_identification:_identify(.) by extension 'python'
[1.998s] Level 1:colcon.colcon_core.package_identification:_identify(.) by extensions ['python_setup_py']
[1.998s] Level 1:colcon.colcon_core.package_identification:_identify(.) by extension 'python_setup_py'
[1.998s] Level 1:colcon.colcon_core.package_identification:_identify(IMU Test Rig) by extensions ['ignore', 'ignore_ament_install']
[1.999s] Level 1:colcon.colcon_core.package_identification:_identify(IMU Test Rig) by extension 'ignore'
[2.000s] Level 1:colcon.colcon_core.package_identification:_identify(IMU Test Rig) by extension 'ignore_ament_install'
[2.000s] Level 1:colcon.colcon_core.package_identification:_identify(IMU Test Rig) by extensions ['colcon_pkg']
[2.000s] Level 1:colcon.colcon_core.package_identification:_identify(IMU Test Rig) by extension 'colcon_pkg'
[2.001s] Level 1:colcon.colcon_core.package_identification:_identify(IMU Test Rig) by extensions ['colcon_meta']
[2.001s] Level 1:colcon.colcon_core.package_identification:_identify(IMU Test Rig) by extension 'colcon_meta'
[2.002s] Level 1:colcon.colcon_core.package_identification:_identify(IMU Test Rig) by extensions ['ros']
[2.002s] Level 1:colcon.colcon_core.package_identification:_identify(IMU Test Rig) by extension 'ros'
[2.003s] Level 1:colcon.colcon_core.package_identification:_identify(IMU Test Rig) by extensions ['cmake', 'python']
[2.003s] Level 1:colcon.colcon_core.package_identification:_identify(IMU Test Rig) by extension 'cmake'
[2.004s] Level 1:colcon.colcon_core.package_identification:_identify(IMU Test Rig) by extension 'python'
[2.004s] Level 1:colcon.colcon_core.package_identification:_identify(IMU Test Rig) by extensions ['python_setup_py']
[2.005s] Level 1:colcon.colcon_core.package_identification:_identify(IMU Test Rig) by extension 'python_setup_py'
[2.005s] Level 1:colcon.colcon_core.package_identification:_identify(Images) by extensions ['ignore', 'ignore_ament_install']
[2.006s] Level 1:colcon.colcon_core.package_identification:_identify(Images) by extension 'ignore'
[2.006s] Level 1:colcon.colcon_core.package_identification:_identify(Images) by extension 'ignore_ament_install'
[2.007s] Level 1:colcon.colcon_core.package_identification:_identify(Images) by extensions ['colcon_pkg']
[2.007s] Level 1:colcon.colcon_core.package_identification:_identify(Images) by extension 'colcon_pkg'
[2.007s] Level 1:colcon.colcon_core.package_identification:_identify(Images) by extensions ['colcon_meta']
[2.008s] Level 1:colcon.colcon_core.package_identification:_identify(Images) by extension 'colcon_meta'
[2.008s] Level 1:colcon.colcon_core.package_identification:_identify(Images) by extensions ['ros']
[2.008s] Level 1:colcon.colcon_core.package_identification:_identify(Images) by extension 'ros'
[2.009s] Level 1:colcon.colcon_core.package_identification:_identify(Images) by extensions ['cmake', 'python']
[2.009s] Level 1:colcon.colcon_core.package_identification:_identify(Images) by extension 'cmake'
[2.009s] Level 1:colcon.colcon_core.package_identification:_identify(Images) by extension 'python'
[2.010s] Level 1:colcon.colcon_core.package_identification:_identify(Images) by extensions ['python_setup_py']
[2.010s] Level 1:colcon.colcon_core.package_identification:_identify(Images) by extension 'python_setup_py'
[2.010s] Level 1:colcon.colcon_core.package_identification:_identify(OpenCV Tests) by extensions ['ignore', 'ignore_ament_install']
[2.011s] Level 1:colcon.colcon_core.package_identification:_identify(OpenCV Tests) by extension 'ignore'
[2.011s] Level 1:colcon.colcon_core.package_identification:_identify(OpenCV Tests) by extension 'ignore_ament_install'
[2.011s] Level 1:colcon.colcon_core.package_identification:_identify(OpenCV Tests) by extensions ['colcon_pkg']
[2.012s] Level 1:colcon.colcon_core.package_identification:_identify(OpenCV Tests) by extension 'colcon_pkg'
[2.012s] Level 1:colcon.colcon_core.package_identification:_identify(OpenCV Tests) by extensions ['colcon_meta']
[2.012s] Level 1:colcon.colcon_core.package_identification:_identify(OpenCV Tests) by extension 'colcon_meta'
[2.012s] Level 1:colcon.colcon_core.package_identification:_identify(OpenCV Tests) by extensions ['ros']
[2.012s] Level 1:colcon.colcon_core.package_identification:_identify(OpenCV Tests) by extension 'ros'
[2.013s] Level 1:colcon.colcon_core.package_identification:_identify(OpenCV Tests) by extensions ['cmake', 'python']
[2.013s] Level 1:colcon.colcon_core.package_identification:_identify(OpenCV Tests) by extension 'cmake'
[2.013s] Level 1:colcon.colcon_core.package_identification:_identify(OpenCV Tests) by extension 'python'
[2.013s] Level 1:colcon.colcon_core.package_identification:_identify(OpenCV Tests) by extensions ['python_setup_py']
[2.013s] Level 1:colcon.colcon_core.package_identification:_identify(OpenCV Tests) by extension 'python_setup_py'
[2.014s] Level 1:colcon.colcon_core.package_identification:_identify(Other) by extensions ['ignore', 'ignore_ament_install']
[2.014s] Level 1:colcon.colcon_core.package_identification:_identify(Other) by extension 'ignore'
[2.015s] Level 1:colcon.colcon_core.package_identification:_identify(Other) by extension 'ignore_ament_install'
[2.015s] Level 1:colcon.colcon_core.package_identification:_identify(Other) by extensions ['colcon_pkg']
[2.015s] Level 1:colcon.colcon_core.package_identification:_identify(Other) by extension 'colcon_pkg'
[2.016s] Level 1:colcon.colcon_core.package_identification:_identify(Other) by extensions ['colcon_meta']
[2.016s] Level 1:colcon.colcon_core.package_identification:_identify(Other) by extension 'colcon_meta'
[2.016s] Level 1:colcon.colcon_core.package_identification:_identify(Other) by extensions ['ros']
[2.017s] Level 1:colcon.colcon_core.package_identification:_identify(Other) by extension 'ros'
[2.017s] Level 1:colcon.colcon_core.package_identification:_identify(Other) by extensions ['cmake', 'python']
[2.017s] Level 1:colcon.colcon_core.package_identification:_identify(Other) by extension 'cmake'
[2.018s] Level 1:colcon.colcon_core.package_identification:_identify(Other) by extension 'python'
[2.018s] Level 1:colcon.colcon_core.package_identification:_identify(Other) by extensions ['python_setup_py']
[2.018s] Level 1:colcon.colcon_core.package_identification:_identify(Other) by extension 'python_setup_py'
[2.018s] Level 1:colcon.colcon_core.package_identification:_identify(PWM-RPM Test Rig) by extensions ['ignore', 'ignore_ament_install']
[2.019s] Level 1:colcon.colcon_core.package_identification:_identify(PWM-RPM Test Rig) by extension 'ignore'
[2.019s] Level 1:colcon.colcon_core.package_identification:_identify(PWM-RPM Test Rig) by extension 'ignore_ament_install'
[2.019s] Level 1:colcon.colcon_core.package_identification:_identify(PWM-RPM Test Rig) by extensions ['colcon_pkg']
[2.019s] Level 1:colcon.colcon_core.package_identification:_identify(PWM-RPM Test Rig) by extension 'colcon_pkg'
[2.020s] Level 1:colcon.colcon_core.package_identification:_identify(PWM-RPM Test Rig) by extensions ['colcon_meta']
[2.020s] Level 1:colcon.colcon_core.package_identification:_identify(PWM-RPM Test Rig) by extension 'colcon_meta'
[2.020s] Level 1:colcon.colcon_core.package_identification:_identify(PWM-RPM Test Rig) by extensions ['ros']
[2.020s] Level 1:colcon.colcon_core.package_identification:_identify(PWM-RPM Test Rig) by extension 'ros'
[2.020s] Level 1:colcon.colcon_core.package_identification:_identify(PWM-RPM Test Rig) by extensions ['cmake', 'python']
[2.021s] Level 1:colcon.colcon_core.package_identification:_identify(PWM-RPM Test Rig) by extension 'cmake'
[2.021s] Level 1:colcon.colcon_core.package_identification:_identify(PWM-RPM Test Rig) by extension 'python'
[2.021s] Level 1:colcon.colcon_core.package_identification:_identify(PWM-RPM Test Rig) by extensions ['python_setup_py']
[2.021s] Level 1:colcon.colcon_core.package_identification:_identify(PWM-RPM Test Rig) by extension 'python_setup_py'
[2.022s] Level 1:colcon.colcon_core.package_identification:_identify(PWM-RPM Test Rig/Micropython) by extensions ['ignore', 'ignore_ament_install']
[2.022s] Level 1:colcon.colcon_core.package_identification:_identify(PWM-RPM Test Rig/Micropython) by extension 'ignore'
[2.022s] Level 1:colcon.colcon_core.package_identification:_identify(PWM-RPM Test Rig/Micropython) by extension 'ignore_ament_install'
[2.023s] Level 1:colcon.colcon_core.package_identification:_identify(PWM-RPM Test Rig/Micropython) by extensions ['colcon_pkg']
[2.023s] Level 1:colcon.colcon_core.package_identification:_identify(PWM-RPM Test Rig/Micropython) by extension 'colcon_pkg'
[2.024s] Level 1:colcon.colcon_core.package_identification:_identify(PWM-RPM Test Rig/Micropython) by extensions ['colcon_meta']
[2.024s] Level 1:colcon.colcon_core.package_identification:_identify(PWM-RPM Test Rig/Micropython) by extension 'colcon_meta'
[2.024s] Level 1:colcon.colcon_core.package_identification:_identify(PWM-RPM Test Rig/Micropython) by extensions ['ros']
[2.025s] Level 1:colcon.colcon_core.package_identification:_identify(PWM-RPM Test Rig/Micropython) by extension 'ros'
[2.025s] Level 1:colcon.colcon_core.package_identification:_identify(PWM-RPM Test Rig/Micropython) by extensions ['cmake', 'python']
[2.025s] Level 1:colcon.colcon_core.package_identification:_identify(PWM-RPM Test Rig/Micropython) by extension 'cmake'
[2.026s] Level 1:colcon.colcon_core.package_identification:_identify(PWM-RPM Test Rig/Micropython) by extension 'python'
[2.026s] Level 1:colcon.colcon_core.package_identification:_identify(PWM-RPM Test Rig/Micropython) by extensions ['python_setup_py']
[2.026s] Level 1:colcon.colcon_core.package_identification:_identify(PWM-RPM Test Rig/Micropython) by extension 'python_setup_py'
[2.026s] Level 1:colcon.colcon_core.package_identification:_identify(PWM-RPM Test Rig/Python) by extensions ['ignore', 'ignore_ament_install']
[2.027s] Level 1:colcon.colcon_core.package_identification:_identify(PWM-RPM Test Rig/Python) by extension 'ignore'
[2.027s] Level 1:colcon.colcon_core.package_identification:_identify(PWM-RPM Test Rig/Python) by extension 'ignore_ament_install'
[2.028s] Level 1:colcon.colcon_core.package_identification:_identify(PWM-RPM Test Rig/Python) by extensions ['colcon_pkg']
[2.028s] Level 1:colcon.colcon_core.package_identification:_identify(PWM-RPM Test Rig/Python) by extension 'colcon_pkg'
[2.028s] Level 1:colcon.colcon_core.package_identification:_identify(PWM-RPM Test Rig/Python) by extensions ['colcon_meta']
[2.028s] Level 1:colcon.colcon_core.package_identification:_identify(PWM-RPM Test Rig/Python) by extension 'colcon_meta'
[2.028s] Level 1:colcon.colcon_core.package_identification:_identify(PWM-RPM Test Rig/Python) by extensions ['ros']
[2.028s] Level 1:colcon.colcon_core.package_identification:_identify(PWM-RPM Test Rig/Python) by extension 'ros'
[2.029s] Level 1:colcon.colcon_core.package_identification:_identify(PWM-RPM Test Rig/Python) by extensions ['cmake', 'python']
[2.029s] Level 1:colcon.colcon_core.package_identification:_identify(PWM-RPM Test Rig/Python) by extension 'cmake'
[2.029s] Level 1:colcon.colcon_core.package_identification:_identify(PWM-RPM Test Rig/Python) by extension 'python'
[2.029s] Level 1:colcon.colcon_core.package_identification:_identify(PWM-RPM Test Rig/Python) by extensions ['python_setup_py']
[2.030s] Level 1:colcon.colcon_core.package_identification:_identify(PWM-RPM Test Rig/Python) by extension 'python_setup_py'
[2.030s] Level 1:colcon.colcon_core.package_identification:_identify(PyOrbital Tests) by extensions ['ignore', 'ignore_ament_install']
[2.030s] Level 1:colcon.colcon_core.package_identification:_identify(PyOrbital Tests) by extension 'ignore'
[2.031s] Level 1:colcon.colcon_core.package_identification:_identify(PyOrbital Tests) by extension 'ignore_ament_install'
[2.031s] Level 1:colcon.colcon_core.package_identification:_identify(PyOrbital Tests) by extensions ['colcon_pkg']
[2.032s] Level 1:colcon.colcon_core.package_identification:_identify(PyOrbital Tests) by extension 'colcon_pkg'
[2.032s] Level 1:colcon.colcon_core.package_identification:_identify(PyOrbital Tests) by extensions ['colcon_meta']
[2.032s] Level 1:colcon.colcon_core.package_identification:_identify(PyOrbital Tests) by extension 'colcon_meta'
[2.033s] Level 1:colcon.colcon_core.package_identification:_identify(PyOrbital Tests) by extensions ['ros']
[2.033s] Level 1:colcon.colcon_core.package_identification:_identify(PyOrbital Tests) by extension 'ros'
[2.034s] Level 1:colcon.colcon_core.package_identification:_identify(PyOrbital Tests) by extensions ['cmake', 'python']
[2.034s] Level 1:colcon.colcon_core.package_identification:_identify(PyOrbital Tests) by extension 'cmake'
[2.035s] Level 1:colcon.colcon_core.package_identification:_identify(PyOrbital Tests) by extension 'python'
[2.035s] Level 1:colcon.colcon_core.package_identification:_identify(PyOrbital Tests) by extensions ['python_setup_py']
[2.036s] Level 1:colcon.colcon_core.package_identification:_identify(PyOrbital Tests) by extension 'python_setup_py'
[2.037s] Level 1:colcon.colcon_core.package_identification:_identify(PySolar Tests) by extensions ['ignore', 'ignore_ament_install']
[2.038s] Level 1:colcon.colcon_core.package_identification:_identify(PySolar Tests) by extension 'ignore'
[2.038s] Level 1:colcon.colcon_core.package_identification:_identify(PySolar Tests) by extension 'ignore_ament_install'
[2.039s] Level 1:colcon.colcon_core.package_identification:_identify(PySolar Tests) by extensions ['colcon_pkg']
[2.039s] Level 1:colcon.colcon_core.package_identification:_identify(PySolar Tests) by extension 'colcon_pkg'
[2.040s] Level 1:colcon.colcon_core.package_identification:_identify(PySolar Tests) by extensions ['colcon_meta']
[2.041s] Level 1:colcon.colcon_core.package_identification:_identify(PySolar Tests) by extension 'colcon_meta'
[2.042s] Level 1:colcon.colcon_core.package_identification:_identify(PySolar Tests) by extensions ['ros']
[2.042s] Level 1:colcon.colcon_core.package_identification:_identify(PySolar Tests) by extension 'ros'
[2.043s] Level 1:colcon.colcon_core.package_identification:_identify(PySolar Tests) by extensions ['cmake', 'python']
[2.043s] Level 1:colcon.colcon_core.package_identification:_identify(PySolar Tests) by extension 'cmake'
[2.044s] Level 1:colcon.colcon_core.package_identification:_identify(PySolar Tests) by extension 'python'
[2.044s] Level 1:colcon.colcon_core.package_identification:_identify(PySolar Tests) by extensions ['python_setup_py']
[2.045s] Level 1:colcon.colcon_core.package_identification:_identify(PySolar Tests) by extension 'python_setup_py'
[2.046s] Level 1:colcon.colcon_core.package_identification:_identify(build) by extensions ['ignore', 'ignore_ament_install']
[2.047s] Level 1:colcon.colcon_core.package_identification:_identify(build) by extension 'ignore'
[2.048s] Level 1:colcon.colcon_core.package_identification:_identify(build) ignored
[2.049s] Level 1:colcon.colcon_core.package_identification:_identify(install) by extensions ['ignore', 'ignore_ament_install']
[2.050s] Level 1:colcon.colcon_core.package_identification:_identify(install) by extension 'ignore'
[2.050s] Level 1:colcon.colcon_core.package_identification:_identify(install) ignored
[2.052s] Level 1:colcon.colcon_core.package_identification:_identify(log) by extensions ['ignore', 'ignore_ament_install']
[2.053s] Level 1:colcon.colcon_core.package_identification:_identify(log) by extension 'ignore'
[2.054s] Level 1:colcon.colcon_core.package_identification:_identify(log) ignored
[2.055s] Level 1:colcon.colcon_core.package_identification:_identify(src) by extensions ['ignore', 'ignore_ament_install']
[2.056s] Level 1:colcon.colcon_core.package_identification:_identify(src) by extension 'ignore'
[2.056s] Level 1:colcon.colcon_core.package_identification:_identify(src) by extension 'ignore_ament_install'
[2.057s] Level 1:colcon.colcon_core.package_identification:_identify(src) by extensions ['colcon_pkg']
[2.058s] Level 1:colcon.colcon_core.package_identification:_identify(src) by extension 'colcon_pkg'
[2.058s] Level 1:colcon.colcon_core.package_identification:_identify(src) by extensions ['colcon_meta']
[2.059s] Level 1:colcon.colcon_core.package_identification:_identify(src) by extension 'colcon_meta'
[2.059s] Level 1:colcon.colcon_core.package_identification:_identify(src) by extensions ['ros']
[2.059s] Level 1:colcon.colcon_core.package_identification:_identify(src) by extension 'ros'
[2.059s] Level 1:colcon.colcon_core.package_identification:_identify(src) by extensions ['cmake', 'python']
[2.060s] Level 1:colcon.colcon_core.package_identification:_identify(src) by extension 'cmake'
[2.060s] Level 1:colcon.colcon_core.package_identification:_identify(src) by extension 'python'
[2.060s] Level 1:colcon.colcon_core.package_identification:_identify(src) by extensions ['python_setup_py']
[2.060s] Level 1:colcon.colcon_core.package_identification:_identify(src) by extension 'python_setup_py'
[2.061s] Level 1:colcon.colcon_core.package_identification:_identify(src/Micro-XRCE-DDS-Agent) by extensions ['ignore', 'ignore_ament_install']
[2.062s] Level 1:colcon.colcon_core.package_identification:_identify(src/Micro-XRCE-DDS-Agent) by extension 'ignore'
[2.062s] Level 1:colcon.colcon_core.package_identification:_identify(src/Micro-XRCE-DDS-Agent) by extension 'ignore_ament_install'
[2.063s] Level 1:colcon.colcon_core.package_identification:_identify(src/Micro-XRCE-DDS-Agent) by extensions ['colcon_pkg']
[2.063s] Level 1:colcon.colcon_core.package_identification:_identify(src/Micro-XRCE-DDS-Agent) by extension 'colcon_pkg'
[2.066s] INFO:colcon.colcon_metadata.metadata.colcon_pkg:Setting type 'cmake' of package 'src/Micro-XRCE-DDS-Agent' from colcon.pkg
[2.067s] INFO:colcon.colcon_metadata.metadata.colcon_pkg:Setting name 'microxrcedds_agent' of package 'src/Micro-XRCE-DDS-Agent' from colcon.pkg
[2.067s] DEBUG:colcon.colcon_core.package_identification:Package 'src/Micro-XRCE-DDS-Agent' with type 'cmake' and name 'microxrcedds_agent'
[2.067s] Level 1:colcon.colcon_core.package_identification:_identify(src/ahabp_pkg) by extensions ['ignore', 'ignore_ament_install']
[2.068s] Level 1:colcon.colcon_core.package_identification:_identify(src/ahabp_pkg) by extension 'ignore'
[2.068s] Level 1:colcon.colcon_core.package_identification:_identify(src/ahabp_pkg) by extension 'ignore_ament_install'
[2.068s] Level 1:colcon.colcon_core.package_identification:_identify(src/ahabp_pkg) by extensions ['colcon_pkg']
[2.069s] Level 1:colcon.colcon_core.package_identification:_identify(src/ahabp_pkg) by extension 'colcon_pkg'
[2.069s] Level 1:colcon.colcon_core.package_identification:_identify(src/ahabp_pkg) by extensions ['colcon_meta']
[2.069s] Level 1:colcon.colcon_core.package_identification:_identify(src/ahabp_pkg) by extension 'colcon_meta'
[2.070s] Level 1:colcon.colcon_core.package_identification:_identify(src/ahabp_pkg) by extensions ['ros']
[2.070s] Level 1:colcon.colcon_core.package_identification:_identify(src/ahabp_pkg) by extension 'ros'
[2.080s] DEBUG:colcon.colcon_core.package_identification:Package 'src/ahabp_pkg' with type 'ros.ament_python' and name 'ahabp_pkg'
[2.082s] Level 1:colcon.colcon_core.package_identification:_identify(src/px4_msgs) by extensions ['ignore', 'ignore_ament_install']
[2.082s] Level 1:colcon.colcon_core.package_identification:_identify(src/px4_msgs) by extension 'ignore'
[2.082s] Level 1:colcon.colcon_core.package_identification:_identify(src/px4_msgs) by extension 'ignore_ament_install'
[2.083s] Level 1:colcon.colcon_core.package_identification:_identify(src/px4_msgs) by extensions ['colcon_pkg']
[2.083s] Level 1:colcon.colcon_core.package_identification:_identify(src/px4_msgs) by extension 'colcon_pkg'
[2.083s] Level 1:colcon.colcon_core.package_identification:_identify(src/px4_msgs) by extensions ['colcon_meta']
[2.083s] Level 1:colcon.colcon_core.package_identification:_identify(src/px4_msgs) by extension 'colcon_meta'
[2.083s] Level 1:colcon.colcon_core.package_identification:_identify(src/px4_msgs) by extensions ['ros']
[2.084s] Level 1:colcon.colcon_core.package_identification:_identify(src/px4_msgs) by extension 'ros'
[2.087s] DEBUG:colcon.colcon_core.package_identification:Package 'src/px4_msgs' with type 'ros.ament_cmake' and name 'px4_msgs'
[2.087s] Level 1:colcon.colcon_core.package_identification:_identify(src/px4_ros_com) by extensions ['ignore', 'ignore_ament_install']
[2.088s] Level 1:colcon.colcon_core.package_identification:_identify(src/px4_ros_com) by extension 'ignore'
[2.088s] Level 1:colcon.colcon_core.package_identification:_identify(src/px4_ros_com) by extension 'ignore_ament_install'
[2.089s] Level 1:colcon.colcon_core.package_identification:_identify(src/px4_ros_com) by extensions ['colcon_pkg']
[2.089s] Level 1:colcon.colcon_core.package_identification:_identify(src/px4_ros_com) by extension 'colcon_pkg'
[2.090s] Level 1:colcon.colcon_core.package_identification:_identify(src/px4_ros_com) by extensions ['colcon_meta']
[2.090s] Level 1:colcon.colcon_core.package_identification:_identify(src/px4_ros_com) by extension 'colcon_meta'
[2.090s] Level 1:colcon.colcon_core.package_identification:_identify(src/px4_ros_com) by extensions ['ros']
[2.090s] Level 1:colcon.colcon_core.package_identification:_identify(src/px4_ros_com) by extension 'ros'
[2.096s] DEBUG:colcon.colcon_core.package_identification:Package 'src/px4_ros_com' with type 'ros.ament_cmake' and name 'px4_ros_com'
[2.097s] Level 1:colcon.colcon_core.package_identification:_identify(src/py_pubsub) by extensions ['ignore', 'ignore_ament_install']
[2.097s] Level 1:colcon.colcon_core.package_identification:_identify(src/py_pubsub) by extension 'ignore'
[2.098s] Level 1:colcon.colcon_core.package_identification:_identify(src/py_pubsub) by extension 'ignore_ament_install'
[2.098s] Level 1:colcon.colcon_core.package_identification:_identify(src/py_pubsub) by extensions ['colcon_pkg']
[2.098s] Level 1:colcon.colcon_core.package_identification:_identify(src/py_pubsub) by extension 'colcon_pkg'
[2.098s] Level 1:colcon.colcon_core.package_identification:_identify(src/py_pubsub) by extensions ['colcon_meta']
[2.099s] Level 1:colcon.colcon_core.package_identification:_identify(src/py_pubsub) by extension 'colcon_meta'
[2.099s] Level 1:colcon.colcon_core.package_identification:_identify(src/py_pubsub) by extensions ['ros']
[2.099s] Level 1:colcon.colcon_core.package_identification:_identify(src/py_pubsub) by extension 'ros'
[2.102s] DEBUG:colcon.colcon_core.package_identification:Package 'src/py_pubsub' with type 'ros.ament_python' and name 'py_pubsub'
[2.103s] Level 1:colcon.colcon_core.package_identification:_identify(src/v4l2_camera) by extensions ['ignore', 'ignore_ament_install']
[2.104s] Level 1:colcon.colcon_core.package_identification:_identify(src/v4l2_camera) by extension 'ignore'
[2.104s] Level 1:colcon.colcon_core.package_identification:_identify(src/v4l2_camera) by extension 'ignore_ament_install'
[2.104s] Level 1:colcon.colcon_core.package_identification:_identify(src/v4l2_camera) by extensions ['colcon_pkg']
[2.105s] Level 1:colcon.colcon_core.package_identification:_identify(src/v4l2_camera) by extension 'colcon_pkg'
[2.105s] Level 1:colcon.colcon_core.package_identification:_identify(src/v4l2_camera) by extensions ['colcon_meta']
[2.105s] Level 1:colcon.colcon_core.package_identification:_identify(src/v4l2_camera) by extension 'colcon_meta'
[2.106s] Level 1:colcon.colcon_core.package_identification:_identify(src/v4l2_camera) by extensions ['ros']
[2.106s] Level 1:colcon.colcon_core.package_identification:_identify(src/v4l2_camera) by extension 'ros'
[2.111s] DEBUG:colcon.colcon_core.package_identification:Package 'src/v4l2_camera' with type 'ros.ament_cmake' and name 'v4l2_camera'
[2.111s] Level 1:colcon.colcon_core.package_discovery:discover_packages(recursive) using defaults
[2.112s] Level 1:colcon.colcon_core.package_discovery:discover_packages(ignore) discover
[2.112s] Level 1:colcon.colcon_core.package_discovery:discover_packages(ignore) using defaults
[2.112s] Level 1:colcon.colcon_core.package_discovery:discover_packages(path) discover
[2.112s] Level 1:colcon.colcon_core.package_discovery:discover_packages(path) using defaults
[2.223s] INFO:colcon.colcon_metadata.metadata.colcon_pkg:Updating descriptor of package 'src/Micro-XRCE-DDS-Agent' from colcon.pkg: {'name': 'microxrcedds_agent', 'type': 'cmake', 'dependencies': ['fastcdr', 'fastrtps'], 'cmake-args': ['-DUAGENT_ISOLATED_INSTALL=OFF', '-DUAGENT_USE_SYSTEM_FASTCDR=ON', '-DUAGENT_USE_SYSTEM_FASTDDS=ON']}
[2.281s] Level 1:colcon.colcon_core.package_discovery:discover_packages(prefix_path) check parameters
[2.282s] Level 1:colcon.colcon_core.package_discovery:discover_packages(prefix_path) discover
[2.294s] DEBUG:colcon.colcon_installed_package_information.package_discovery:Found 6 installed packages in /home/anyell/ahabp_v2_ws/install
[2.303s] DEBUG:colcon.colcon_installed_package_information.package_discovery:Found 274 installed packages in /opt/ros/humble
[2.310s] Level 1:colcon.colcon_core.package_discovery:discover_packages(prefix_path) using defaults
[2.525s] Level 5:colcon.colcon_core.verb:set package 'microxrcedds_agent' build argument 'cmake_args' from command line to 'None'
[2.525s] Level 5:colcon.colcon_core.verb:overwrite package 'microxrcedds_agent' build argument 'cmake_args' from package metadata with '['-DUAGENT_ISOLATED_INSTALL=OFF', '-DUAGENT_USE_SYSTEM_FASTCDR=ON', '-DUAGENT_USE_SYSTEM_FASTDDS=ON']' (before: 'None')
[2.526s] Level 5:colcon.colcon_core.verb:set package 'microxrcedds_agent' build argument 'cmake_target' from command line to 'None'
[2.526s] Level 5:colcon.colcon_core.verb:set package 'microxrcedds_agent' build argument 'cmake_target_skip_unavailable' from command line to 'False'
[2.526s] Level 5:colcon.colcon_core.verb:set package 'microxrcedds_agent' build argument 'cmake_clean_cache' from command line to 'False'
[2.526s] Level 5:colcon.colcon_core.verb:set package 'microxrcedds_agent' build argument 'cmake_clean_first' from command line to 'False'
[2.526s] Level 5:colcon.colcon_core.verb:set package 'microxrcedds_agent' build argument 'cmake_force_configure' from command line to 'False'
[2.526s] Level 5:colcon.colcon_core.verb:set package 'microxrcedds_agent' build argument 'ament_cmake_args' from command line to 'None'
[2.526s] Level 5:colcon.colcon_core.verb:set package 'microxrcedds_agent' build argument 'catkin_cmake_args' from command line to 'None'
[2.526s] Level 5:colcon.colcon_core.verb:set package 'microxrcedds_agent' build argument 'catkin_skip_building_tests' from command line to 'False'
[2.527s] DEBUG:colcon.colcon_core.verb:Building package 'microxrcedds_agent' with the following arguments: {'ament_cmake_args': None, 'build_base': '/home/anyell/ahabp_v2_ws/build/microxrcedds_agent', 'catkin_cmake_args': None, 'catkin_skip_building_tests': False, 'cmake_args': ['-DUAGENT_ISOLATED_INSTALL=OFF', '-DUAGENT_USE_SYSTEM_FASTCDR=ON', '-DUAGENT_USE_SYSTEM_FASTDDS=ON'], 'cmake_clean_cache': False, 'cmake_clean_first': False, 'cmake_force_configure': False, 'cmake_target': None, 'cmake_target_skip_unavailable': False, 'install_base': '/home/anyell/ahabp_v2_ws/install/microxrcedds_agent', 'merge_install': False, 'path': '/home/anyell/ahabp_v2_ws/src/Micro-XRCE-DDS-Agent', 'symlink_install': False, 'test_result_base': None}
[2.528s] Level 5:colcon.colcon_core.verb:set package 'px4_msgs' build argument 'cmake_args' from command line to 'None'
[2.528s] Level 5:colcon.colcon_core.verb:set package 'px4_msgs' build argument 'cmake_target' from command line to 'None'
[2.529s] Level 5:colcon.colcon_core.verb:set package 'px4_msgs' build argument 'cmake_target_skip_unavailable' from command line to 'False'
[2.529s] Level 5:colcon.colcon_core.verb:set package 'px4_msgs' build argument 'cmake_clean_cache' from command line to 'False'
[2.529s] Level 5:colcon.colcon_core.verb:set package 'px4_msgs' build argument 'cmake_clean_first' from command line to 'False'
[2.529s] Level 5:colcon.colcon_core.verb:set package 'px4_msgs' build argument 'cmake_force_configure' from command line to 'False'
[2.529s] Level 5:colcon.colcon_core.verb:set package 'px4_msgs' build argument 'ament_cmake_args' from command line to 'None'
[2.529s] Level 5:colcon.colcon_core.verb:set package 'px4_msgs' build argument 'catkin_cmake_args' from command line to 'None'
[2.529s] Level 5:colcon.colcon_core.verb:set package 'px4_msgs' build argument 'catkin_skip_building_tests' from command line to 'False'
[2.529s] DEBUG:colcon.colcon_core.verb:Building package 'px4_msgs' with the following arguments: {'ament_cmake_args': None, 'build_base': '/home/anyell/ahabp_v2_ws/build/px4_msgs', 'catkin_cmake_args': None, 'catkin_skip_building_tests': False, 'cmake_args': None, 'cmake_clean_cache': False, 'cmake_clean_first': False, 'cmake_force_configure': False, 'cmake_target': None, 'cmake_target_skip_unavailable': False, 'install_base': '/home/anyell/ahabp_v2_ws/install/px4_msgs', 'merge_install': False, 'path': '/home/anyell/ahabp_v2_ws/src/px4_msgs', 'symlink_install': False, 'test_result_base': None}
[2.531s] Level 5:colcon.colcon_core.verb:set package 'py_pubsub' build argument 'cmake_args' from command line to 'None'
[2.531s] Level 5:colcon.colcon_core.verb:set package 'py_pubsub' build argument 'cmake_target' from command line to 'None'
[2.531s] Level 5:colcon.colcon_core.verb:set package 'py_pubsub' build argument 'cmake_target_skip_unavailable' from command line to 'False'
[2.532s] Level 5:colcon.colcon_core.verb:set package 'py_pubsub' build argument 'cmake_clean_cache' from command line to 'False'
[2.532s] Level 5:colcon.colcon_core.verb:set package 'py_pubsub' build argument 'cmake_clean_first' from command line to 'False'
[2.532s] Level 5:colcon.colcon_core.verb:set package 'py_pubsub' build argument 'cmake_force_configure' from command line to 'False'
[2.532s] Level 5:colcon.colcon_core.verb:set package 'py_pubsub' build argument 'ament_cmake_args' from command line to 'None'
[2.532s] Level 5:colcon.colcon_core.verb:set package 'py_pubsub' build argument 'catkin_cmake_args' from command line to 'None'
[2.532s] Level 5:colcon.colcon_core.verb:set package 'py_pubsub' build argument 'catkin_skip_building_tests' from command line to 'False'
[2.532s] DEBUG:colcon.colcon_core.verb:Building package 'py_pubsub' with the following arguments: {'ament_cmake_args': None, 'build_base': '/home/anyell/ahabp_v2_ws/build/py_pubsub', 'catkin_cmake_args': None, 'catkin_skip_building_tests': False, 'cmake_args': None, 'cmake_clean_cache': False, 'cmake_clean_first': False, 'cmake_force_configure': False, 'cmake_target': None, 'cmake_target_skip_unavailable': False, 'install_base': '/home/anyell/ahabp_v2_ws/install/py_pubsub', 'merge_install': False, 'path': '/home/anyell/ahabp_v2_ws/src/py_pubsub', 'symlink_install': False, 'test_result_base': None}
[2.534s] Level 5:colcon.colcon_core.verb:set package 'v4l2_camera' build argument 'cmake_args' from command line to 'None'
[2.534s] Level 5:colcon.colcon_core.verb:set package 'v4l2_camera' build argument 'cmake_target' from command line to 'None'
[2.534s] Level 5:colcon.colcon_core.verb:set package 'v4l2_camera' build argument 'cmake_target_skip_unavailable' from command line to 'False'
[2.534s] Level 5:colcon.colcon_core.verb:set package 'v4l2_camera' build argument 'cmake_clean_cache' from command line to 'False'
[2.534s] Level 5:colcon.colcon_core.verb:set package 'v4l2_camera' build argument 'cmake_clean_first' from command line to 'False'
[2.534s] Level 5:colcon.colcon_core.verb:set package 'v4l2_camera' build argument 'cmake_force_configure' from command line to 'False'
[2.535s] Level 5:colcon.colcon_core.verb:set package 'v4l2_camera' build argument 'ament_cmake_args' from command line to 'None'
[2.535s] Level 5:colcon.colcon_core.verb:set package 'v4l2_camera' build argument 'catkin_cmake_args' from command line to 'None'
[2.535s] Level 5:colcon.colcon_core.verb:set package 'v4l2_camera' build argument 'catkin_skip_building_tests' from command line to 'False'
[2.535s] DEBUG:colcon.colcon_core.verb:Building package 'v4l2_camera' with the following arguments: {'ament_cmake_args': None, 'build_base': '/home/anyell/ahabp_v2_ws/build/v4l2_camera', 'catkin_cmake_args': None, 'catkin_skip_building_tests': False, 'cmake_args': None, 'cmake_clean_cache': False, 'cmake_clean_first': False, 'cmake_force_configure': False, 'cmake_target': None, 'cmake_target_skip_unavailable': False, 'install_base': '/home/anyell/ahabp_v2_ws/install/v4l2_camera', 'merge_install': False, 'path': '/home/anyell/ahabp_v2_ws/src/v4l2_camera', 'symlink_install': False, 'test_result_base': None}
[2.536s] Level 5:colcon.colcon_core.verb:set package 'ahabp_pkg' build argument 'cmake_args' from command line to 'None'
[2.537s] Level 5:colcon.colcon_core.verb:set package 'ahabp_pkg' build argument 'cmake_target' from command line to 'None'
[2.537s] Level 5:colcon.colcon_core.verb:set package 'ahabp_pkg' build argument 'cmake_target_skip_unavailable' from command line to 'False'
[2.537s] Level 5:colcon.colcon_core.verb:set package 'ahabp_pkg' build argument 'cmake_clean_cache' from command line to 'False'
[2.537s] Level 5:colcon.colcon_core.verb:set package 'ahabp_pkg' build argument 'cmake_clean_first' from command line to 'False'
[2.537s] Level 5:colcon.colcon_core.verb:set package 'ahabp_pkg' build argument 'cmake_force_configure' from command line to 'False'
[2.537s] Level 5:colcon.colcon_core.verb:set package 'ahabp_pkg' build argument 'ament_cmake_args' from command line to 'None'
[2.537s] Level 5:colcon.colcon_core.verb:set package 'ahabp_pkg' build argument 'catkin_cmake_args' from command line to 'None'
[2.538s] Level 5:colcon.colcon_core.verb:set package 'ahabp_pkg' build argument 'catkin_skip_building_tests' from command line to 'False'
[2.538s] DEBUG:colcon.colcon_core.verb:Building package 'ahabp_pkg' with the following arguments: {'ament_cmake_args': None, 'build_base': '/home/anyell/ahabp_v2_ws/build/ahabp_pkg', 'catkin_cmake_args': None, 'catkin_skip_building_tests': False, 'cmake_args': None, 'cmake_clean_cache': False, 'cmake_clean_first': False, 'cmake_force_configure': False, 'cmake_target': None, 'cmake_target_skip_unavailable': False, 'install_base': '/home/anyell/ahabp_v2_ws/install/ahabp_pkg', 'merge_install': False, 'path': '/home/anyell/ahabp_v2_ws/src/ahabp_pkg', 'symlink_install': False, 'test_result_base': None}
[2.539s] Level 5:colcon.colcon_core.verb:set package 'px4_ros_com' build argument 'cmake_args' from command line to 'None'
[2.539s] Level 5:colcon.colcon_core.verb:set package 'px4_ros_com' build argument 'cmake_target' from command line to 'None'
[2.540s] Level 5:colcon.colcon_core.verb:set package 'px4_ros_com' build argument 'cmake_target_skip_unavailable' from command line to 'False'
[2.540s] Level 5:colcon.colcon_core.verb:set package 'px4_ros_com' build argument 'cmake_clean_cache' from command line to 'False'
[2.540s] Level 5:colcon.colcon_core.verb:set package 'px4_ros_com' build argument 'cmake_clean_first' from command line to 'False'
[2.540s] Level 5:colcon.colcon_core.verb:set package 'px4_ros_com' build argument 'cmake_force_configure' from command line to 'False'
[2.540s] Level 5:colcon.colcon_core.verb:set package 'px4_ros_com' build argument 'ament_cmake_args' from command line to 'None'
[2.540s] Level 5:colcon.colcon_core.verb:set package 'px4_ros_com' build argument 'catkin_cmake_args' from command line to 'None'
[2.540s] Level 5:colcon.colcon_core.verb:set package 'px4_ros_com' build argument 'catkin_skip_building_tests' from command line to 'False'
[2.540s] DEBUG:colcon.colcon_core.verb:Building package 'px4_ros_com' with the following arguments: {'ament_cmake_args': None, 'build_base': '/home/anyell/ahabp_v2_ws/build/px4_ros_com', 'catkin_cmake_args': None, 'catkin_skip_building_tests': False, 'cmake_args': None, 'cmake_clean_cache': False, 'cmake_clean_first': False, 'cmake_force_configure': False, 'cmake_target': None, 'cmake_target_skip_unavailable': False, 'install_base': '/home/anyell/ahabp_v2_ws/install/px4_ros_com', 'merge_install': False, 'path': '/home/anyell/ahabp_v2_ws/src/px4_ros_com', 'symlink_install': False, 'test_result_base': None}
[2.541s] INFO:colcon.colcon_core.executor:Executing jobs using 'sequential' executor
[2.545s] DEBUG:colcon.colcon_core.executor.sequential:run_until_complete 'microxrcedds_agent'
[2.546s] INFO:colcon.colcon_cmake.task.cmake.build:Building CMake package in '/home/anyell/ahabp_v2_ws/src/Micro-XRCE-DDS-Agent'
[2.556s] INFO:colcon.colcon_core.plugin_system:Skipping extension 'colcon_core.shell.bat': Not used on non-Windows systems
[2.558s] INFO:colcon.colcon_core.shell:Skip shell extension 'powershell' for command environment: Not usable outside of PowerShell
[2.558s] DEBUG:colcon.colcon_core.shell:Skip shell extension 'dsv' for command environment
[2.643s] DEBUG:colcon.colcon_core.event_handler.log_command:Invoking command in '/home/anyell/ahabp_v2_ws/build/microxrcedds_agent': /usr/bin/cmake --build /home/anyell/ahabp_v2_ws/build/microxrcedds_agent -- -j4 -l4
[3.327s] DEBUG:colcon.colcon_core.event_handler.log_command:Invoked command in '/home/anyell/ahabp_v2_ws/build/microxrcedds_agent' returned '0': /usr/bin/cmake --build /home/anyell/ahabp_v2_ws/build/microxrcedds_agent -- -j4 -l4
[4.444s] DEBUG:colcon.colcon_core.event_handler.log_command:Invoking command in '/home/anyell/ahabp_v2_ws/build/microxrcedds_agent': /usr/bin/cmake --install /home/anyell/ahabp_v2_ws/build/microxrcedds_agent
[4.558s] Level 1:colcon.colcon_core.environment:create_environment_scripts_only(microxrcedds_agent)
[4.594s] Level 1:colcon.colcon_core.environment:checking '/home/anyell/ahabp_v2_ws/install/microxrcedds_agent' for CMake module files
[4.601s] Level 1:colcon.colcon_core.environment:checking '/home/anyell/ahabp_v2_ws/install/microxrcedds_agent' for CMake config files
[4.616s] Level 1:colcon.colcon_core.shell:create_environment_hook('microxrcedds_agent', 'cmake_prefix_path')
[4.619s] INFO:colcon.colcon_core.shell:Creating environment hook '/home/anyell/ahabp_v2_ws/install/microxrcedds_agent/share/microxrcedds_agent/hook/cmake_prefix_path.ps1'
[4.626s] INFO:colcon.colcon_core.shell:Creating environment descriptor '/home/anyell/ahabp_v2_ws/install/microxrcedds_agent/share/microxrcedds_agent/hook/cmake_prefix_path.dsv'
[4.633s] INFO:colcon.colcon_core.shell:Creating environment hook '/home/anyell/ahabp_v2_ws/install/microxrcedds_agent/share/microxrcedds_agent/hook/cmake_prefix_path.sh'
[4.642s] Level 1:colcon.colcon_core.environment:checking '/home/anyell/ahabp_v2_ws/install/microxrcedds_agent/lib'
[4.646s] Level 1:colcon.colcon_core.shell:create_environment_hook('microxrcedds_agent', 'ld_library_path_lib')
[4.648s] INFO:colcon.colcon_core.shell:Creating environment hook '/home/anyell/ahabp_v2_ws/install/microxrcedds_agent/share/microxrcedds_agent/hook/ld_library_path_lib.ps1'
[4.653s] INFO:colcon.colcon_core.shell:Creating environment descriptor '/home/anyell/ahabp_v2_ws/install/microxrcedds_agent/share/microxrcedds_agent/hook/ld_library_path_lib.dsv'
[4.659s] INFO:colcon.colcon_core.shell:Creating environment hook '/home/anyell/ahabp_v2_ws/install/microxrcedds_agent/share/microxrcedds_agent/hook/ld_library_path_lib.sh'
[4.667s] Level 1:colcon.colcon_core.environment:checking '/home/anyell/ahabp_v2_ws/install/microxrcedds_agent/bin'
[4.668s] Level 1:colcon.colcon_core.shell:create_environment_hook('microxrcedds_agent', 'path')
[4.670s] INFO:colcon.colcon_core.shell:Creating environment hook '/home/anyell/ahabp_v2_ws/install/microxrcedds_agent/share/microxrcedds_agent/hook/path.ps1'
[4.676s] INFO:colcon.colcon_core.shell:Creating environment descriptor '/home/anyell/ahabp_v2_ws/install/microxrcedds_agent/share/microxrcedds_agent/hook/path.dsv'
[4.681s] DEBUG:colcon.colcon_core.event_handler.log_command:Invoked command in '/home/anyell/ahabp_v2_ws/build/microxrcedds_agent' returned '0': /usr/bin/cmake --install /home/anyell/ahabp_v2_ws/build/microxrcedds_agent
[4.683s] INFO:colcon.colcon_core.shell:Creating environment hook '/home/anyell/ahabp_v2_ws/install/microxrcedds_agent/share/microxrcedds_agent/hook/path.sh'
[4.687s] Level 1:colcon.colcon_core.environment:checking '/home/anyell/ahabp_v2_ws/install/microxrcedds_agent/lib/pkgconfig/microxrcedds_agent.pc'
[4.689s] Level 1:colcon.colcon_core.environment:checking '/home/anyell/ahabp_v2_ws/install/microxrcedds_agent/lib/python3.10/site-packages'
[4.691s] Level 1:colcon.colcon_core.environment:checking '/home/anyell/ahabp_v2_ws/install/microxrcedds_agent/bin'
[4.692s] Level 1:colcon.colcon_core.shell:create_environment_hook('microxrcedds_agent', 'pythonscriptspath')
[4.695s] INFO:colcon.colcon_core.shell:Creating environment hook '/home/anyell/ahabp_v2_ws/install/microxrcedds_agent/share/microxrcedds_agent/hook/pythonscriptspath.ps1'
[4.699s] INFO:colcon.colcon_core.shell:Creating environment descriptor '/home/anyell/ahabp_v2_ws/install/microxrcedds_agent/share/microxrcedds_agent/hook/pythonscriptspath.dsv'
[4.703s] INFO:colcon.colcon_core.shell:Creating environment hook '/home/anyell/ahabp_v2_ws/install/microxrcedds_agent/share/microxrcedds_agent/hook/pythonscriptspath.sh'
[4.709s] INFO:colcon.colcon_core.shell:Creating package script '/home/anyell/ahabp_v2_ws/install/microxrcedds_agent/share/microxrcedds_agent/package.ps1'
[4.719s] INFO:colcon.colcon_core.shell:Creating package descriptor '/home/anyell/ahabp_v2_ws/install/microxrcedds_agent/share/microxrcedds_agent/package.dsv'
[4.724s] INFO:colcon.colcon_core.shell:Creating package script '/home/anyell/ahabp_v2_ws/install/microxrcedds_agent/share/microxrcedds_agent/package.sh'
[4.730s] INFO:colcon.colcon_core.shell:Creating package script '/home/anyell/ahabp_v2_ws/install/microxrcedds_agent/share/microxrcedds_agent/package.bash'
[4.736s] INFO:colcon.colcon_core.shell:Creating package script '/home/anyell/ahabp_v2_ws/install/microxrcedds_agent/share/microxrcedds_agent/package.zsh'
[4.743s] Level 1:colcon.colcon_core.environment:create_file_with_runtime_dependencies(/home/anyell/ahabp_v2_ws/install/microxrcedds_agent/share/colcon-core/packages/microxrcedds_agent)
[4.750s] DEBUG:colcon.colcon_core.executor.sequential:run_until_complete 'microxrcedds_agent' finished with '0'
[4.751s] DEBUG:colcon.colcon_core.executor.sequential:run_until_complete 'px4_msgs'
[4.752s] INFO:colcon.colcon_ros.task.ament_cmake.build:Building ROS package in '/home/anyell/ahabp_v2_ws/src/px4_msgs' with build type 'ament_cmake'
[4.753s] INFO:colcon.colcon_cmake.task.cmake.build:Building CMake package in '/home/anyell/ahabp_v2_ws/src/px4_msgs'
[4.755s] INFO:colcon.colcon_core.shell:Skip shell extension 'powershell' for command environment: Not usable outside of PowerShell
[4.755s] DEBUG:colcon.colcon_core.shell:Skip shell extension 'dsv' for command environment
[4.862s] DEBUG:colcon.colcon_core.event_handler.log_command:Invoking command in '/home/anyell/ahabp_v2_ws/build/px4_msgs': CMAKE_PREFIX_PATH=${CMAKE_PREFIX_PATH}:/home/anyell/ahabp_v2_ws/install/py_pubsub:/opt/ros/humble /usr/bin/cmake --build /home/anyell/ahabp_v2_ws/build/px4_msgs -- -j4 -l4
[13.870s] DEBUG:colcon.colcon_core.event_handler.log_command:Invoked command in '/home/anyell/ahabp_v2_ws/build/px4_msgs' returned '0': CMAKE_PREFIX_PATH=${CMAKE_PREFIX_PATH}:/home/anyell/ahabp_v2_ws/install/py_pubsub:/opt/ros/humble /usr/bin/cmake --build /home/anyell/ahabp_v2_ws/build/px4_msgs -- -j4 -l4
[57.707s] DEBUG:colcon.colcon_core.event_handler.log_command:Invoking command in '/home/anyell/ahabp_v2_ws/build/px4_msgs': CMAKE_PREFIX_PATH=${CMAKE_PREFIX_PATH}:/home/anyell/ahabp_v2_ws/install/py_pubsub:/opt/ros/humble /usr/bin/cmake --install /home/anyell/ahabp_v2_ws/build/px4_msgs
[63.403s] Level 1:colcon.colcon_core.environment:create_environment_scripts_only(px4_msgs)
[63.406s] Level 1:colcon.colcon_core.environment:checking '/home/anyell/ahabp_v2_ws/install/px4_msgs' for CMake module files
[63.429s] Level 1:colcon.colcon_core.environment:checking '/home/anyell/ahabp_v2_ws/install/px4_msgs' for CMake config files
[63.458s] Level 1:colcon.colcon_core.shell:create_environment_hook('px4_msgs', 'cmake_prefix_path')
[63.460s] INFO:colcon.colcon_core.shell:Creating environment hook '/home/anyell/ahabp_v2_ws/install/px4_msgs/share/px4_msgs/hook/cmake_prefix_path.ps1'
[63.466s] INFO:colcon.colcon_core.shell:Creating environment descriptor '/home/anyell/ahabp_v2_ws/install/px4_msgs/share/px4_msgs/hook/cmake_prefix_path.dsv'
[63.471s] INFO:colcon.colcon_core.shell:Creating environment hook '/home/anyell/ahabp_v2_ws/install/px4_msgs/share/px4_msgs/hook/cmake_prefix_path.sh'
[63.478s] Level 1:colcon.colcon_core.environment:checking '/home/anyell/ahabp_v2_ws/install/px4_msgs/lib'
[63.480s] Level 1:colcon.colcon_core.shell:create_environment_hook('px4_msgs', 'ld_library_path_lib')
[63.481s] INFO:colcon.colcon_core.shell:Creating environment hook '/home/anyell/ahabp_v2_ws/install/px4_msgs/share/px4_msgs/hook/ld_library_path_lib.ps1'
[63.487s] INFO:colcon.colcon_core.shell:Creating environment descriptor '/home/anyell/ahabp_v2_ws/install/px4_msgs/share/px4_msgs/hook/ld_library_path_lib.dsv'
[63.494s] INFO:colcon.colcon_core.shell:Creating environment hook '/home/anyell/ahabp_v2_ws/install/px4_msgs/share/px4_msgs/hook/ld_library_path_lib.sh'
[63.499s] Level 1:colcon.colcon_core.environment:checking '/home/anyell/ahabp_v2_ws/install/px4_msgs/bin'
[63.501s] Level 1:colcon.colcon_core.environment:checking '/home/anyell/ahabp_v2_ws/install/px4_msgs/lib/pkgconfig/px4_msgs.pc'
[63.502s] Level 1:colcon.colcon_core.environment:checking '/home/anyell/ahabp_v2_ws/install/px4_msgs/lib/python3.10/site-packages'
[63.505s] Level 1:colcon.colcon_core.environment:checking '/home/anyell/ahabp_v2_ws/install/px4_msgs/bin'
[63.508s] INFO:colcon.colcon_core.shell:Creating package script '/home/anyell/ahabp_v2_ws/install/px4_msgs/share/px4_msgs/package.ps1'
[63.515s] INFO:colcon.colcon_core.shell:Creating package descriptor '/home/anyell/ahabp_v2_ws/install/px4_msgs/share/px4_msgs/package.dsv'
[63.519s] INFO:colcon.colcon_core.shell:Creating package script '/home/anyell/ahabp_v2_ws/install/px4_msgs/share/px4_msgs/package.sh'
[63.524s] INFO:colcon.colcon_core.shell:Creating package script '/home/anyell/ahabp_v2_ws/install/px4_msgs/share/px4_msgs/package.bash'
[63.528s] INFO:colcon.colcon_core.shell:Creating package script '/home/anyell/ahabp_v2_ws/install/px4_msgs/share/px4_msgs/package.zsh'
[63.535s] Level 1:colcon.colcon_core.environment:create_file_with_runtime_dependencies(/home/anyell/ahabp_v2_ws/install/px4_msgs/share/colcon-core/packages/px4_msgs)
[66.443s] DEBUG:colcon.colcon_core.event_handler.log_command:Invoked command in '/home/anyell/ahabp_v2_ws/build/px4_msgs' returned '0': CMAKE_PREFIX_PATH=${CMAKE_PREFIX_PATH}:/home/anyell/ahabp_v2_ws/install/py_pubsub:/opt/ros/humble /usr/bin/cmake --install /home/anyell/ahabp_v2_ws/build/px4_msgs
[75.230s] DEBUG:colcon.colcon_core.executor.sequential:run_until_complete 'px4_msgs' was interrupted
[75.231s] DEBUG:colcon.colcon_core.executor.sequential:run_until_complete 'px4_msgs' again
[75.249s] DEBUG:colcon.colcon_core.executor.sequential:closing loop
[75.252s] DEBUG:colcon.colcon_core.executor.sequential:loop closed
[75.255s] ERROR:colcon.colcon_core.executor:Exception in executor extension 'sequential': Expected ['/usr/bin/cmake', '--build', '/home/anyell/ahabp_v2_ws/build/px4_msgs', '--target', 'help'] to pass: gmake: *** [Makefile:41996: help] Interrupt

Traceback (most recent call last):
  File "/usr/lib/python3/dist-packages/colcon_core/executor/sequential.py", line 48, in execute
    loop.run_until_complete(future)
  File "/usr/lib/python3.10/asyncio/base_events.py", line 636, in run_until_complete
    self.run_forever()
  File "/usr/lib/python3.10/asyncio/base_events.py", line 603, in run_forever
    self._run_once()
  File "/usr/lib/python3.10/asyncio/base_events.py", line 1871, in _run_once
    event_list = self._selector.select(timeout)
  File "/usr/lib/python3.10/selectors.py", line 469, in select
    fd_event_list = self._selector.poll(timeout, max_ev)
KeyboardInterrupt

During handling of the above exception, another exception occurred:

Traceback (most recent call last):
  File "/usr/lib/python3/dist-packages/colcon_core/executor/__init__.py", line 332, in execute_jobs
    rc = func(context.args, jobs, **kwargs)
  File "/usr/lib/python3/dist-packages/colcon_core/executor/sequential.py", line 59, in execute
    loop.run_until_complete(future)
  File "/usr/lib/python3.10/asyncio/base_events.py", line 649, in run_until_complete
    return future.result()
  File "/usr/lib/python3/dist-packages/colcon_core/executor/__init__.py", line 91, in __call__
    rc = await self.task(*args, **kwargs)
  File "/usr/lib/python3/dist-packages/colcon_core/task/__init__.py", line 93, in __call__
    return await task_method(*args, **kwargs)
  File "/usr/lib/python3/dist-packages/colcon_ros/task/ament_cmake/build.py", line 65, in build
    has_install_target = await has_target(args.build_base, 'install')
  File "/usr/lib/python3/dist-packages/colcon_cmake/task/cmake/__init__.py", line 57, in has_target
    return target in await get_makefile_targets(path)
  File "/usr/lib/python3/dist-packages/colcon_cmake/task/cmake/__init__.py", line 77, in get_makefile_targets
    output = await check_output([
  File "/usr/lib/python3/dist-packages/colcon_core/subprocess.py", line 129, in check_output
    assert not rc, f'Expected {args} to pass: {stderr_data}'
AssertionError: Expected ['/usr/bin/cmake', '--build', '/home/anyell/ahabp_v2_ws/build/px4_msgs', '--target', 'help'] to pass: gmake: *** [Makefile:41996: help] Interrupt


[75.256s] DEBUG:colcon.colcon_core.event_reactor:joining thread
[75.294s] INFO:colcon.colcon_core.plugin_system:Skipping extension 'colcon_notification.desktop_notification.terminal_notifier': Not used on non-Darwin systems
[75.295s] INFO:colcon.colcon_core.plugin_system:Skipping extension 'colcon_notification.desktop_notification.win32': Not used on non-Windows systems
[75.295s] INFO:colcon.colcon_notification.desktop_notification:Sending desktop notification using 'notify2'
[75.397s] DEBUG:colcon.colcon_core.event_reactor:joined thread
[75.399s] INFO:colcon.colcon_core.shell:Creating prefix script '/home/anyell/ahabp_v2_ws/install/local_setup.ps1'
[75.403s] INFO:colcon.colcon_core.shell:Creating prefix util module '/home/anyell/ahabp_v2_ws/install/_local_setup_util_ps1.py'
[75.412s] INFO:colcon.colcon_core.shell:Creating prefix chain script '/home/anyell/ahabp_v2_ws/install/setup.ps1'
[75.423s] INFO:colcon.colcon_core.shell:Creating prefix script '/home/anyell/ahabp_v2_ws/install/local_setup.sh'
[75.427s] INFO:colcon.colcon_core.shell:Creating prefix util module '/home/anyell/ahabp_v2_ws/install/_local_setup_util_sh.py'
[75.431s] INFO:colcon.colcon_core.shell:Creating prefix chain script '/home/anyell/ahabp_v2_ws/install/setup.sh'
[75.439s] INFO:colcon.colcon_core.shell:Creating prefix script '/home/anyell/ahabp_v2_ws/install/local_setup.bash'
[75.442s] INFO:colcon.colcon_core.shell:Creating prefix chain script '/home/anyell/ahabp_v2_ws/install/setup.bash'
[75.453s] INFO:colcon.colcon_core.shell:Creating prefix script '/home/anyell/ahabp_v2_ws/install/local_setup.zsh'
[75.458s] INFO:colcon.colcon_core.shell:Creating prefix chain script '/home/anyell/ahabp_v2_ws/install/setup.zsh'
