[35m[1mConsolidate compiler generated dependencies of target v4l2_camera[0m
[ 50%] Built target v4l2_camera
[35m[1mConsolidate compiler generated dependencies of target v4l2_camera_compose_test[0m
[35m[1mConsolidate compiler generated dependencies of target v4l2_camera_node[0m
[ 75%] Built target v4l2_camera_compose_test
[100%] Built target v4l2_camera_node
-- Install configuration: ""
-- Up-to-date: /home/anyell/ahabp_v2_ws/install/v4l2_camera/include
-- Up-to-date: /home/anyell/ahabp_v2_ws/install/v4l2_camera/include/v4l2_camera
-- Up-to-date: /home/anyell/ahabp_v2_ws/install/v4l2_camera/include/v4l2_camera/pixel_format.hpp
-- Up-to-date: /home/anyell/ahabp_v2_ws/install/v4l2_camera/include/v4l2_camera/image_format.hpp
-- Up-to-date: /home/anyell/ahabp_v2_ws/install/v4l2_camera/include/v4l2_camera/visibility_control.h
-- Up-to-date: /home/anyell/ahabp_v2_ws/install/v4l2_camera/include/v4l2_camera/v4l2_camera_device.hpp
-- Up-to-date: /home/anyell/ahabp_v2_ws/install/v4l2_camera/include/v4l2_camera/v4l2_camera.hpp
-- Up-to-date: /home/anyell/ahabp_v2_ws/install/v4l2_camera/include/v4l2_camera/fourcc.hpp
-- Up-to-date: /home/anyell/ahabp_v2_ws/install/v4l2_camera/include/v4l2_camera/control.hpp
-- Up-to-date: /home/anyell/ahabp_v2_ws/install/v4l2_camera/include/v4l2_camera/parameters.hpp
-- Up-to-date: /home/anyell/ahabp_v2_ws/install/v4l2_camera/lib/libv4l2_camera.so
-- Up-to-date: /home/anyell/ahabp_v2_ws/install/v4l2_camera/lib/v4l2_camera/v4l2_camera_node
-- Up-to-date: /home/anyell/ahabp_v2_ws/install/v4l2_camera/lib/v4l2_camera/v4l2_camera_compose_test
-- Up-to-date: /home/anyell/ahabp_v2_ws/install/v4l2_camera/share/v4l2_camera/environment/library_path.sh
-- Up-to-date: /home/anyell/ahabp_v2_ws/install/v4l2_camera/share/v4l2_camera/environment/library_path.dsv
-- Up-to-date: /home/anyell/ahabp_v2_ws/install/v4l2_camera/share/ament_index/resource_index/package_run_dependencies/v4l2_camera
-- Up-to-date: /home/anyell/ahabp_v2_ws/install/v4l2_camera/share/ament_index/resource_index/parent_prefix_path/v4l2_camera
-- Up-to-date: /home/anyell/ahabp_v2_ws/install/v4l2_camera/share/v4l2_camera/environment/ament_prefix_path.sh
-- Up-to-date: /home/anyell/ahabp_v2_ws/install/v4l2_camera/share/v4l2_camera/environment/ament_prefix_path.dsv
-- Up-to-date: /home/anyell/ahabp_v2_ws/install/v4l2_camera/share/v4l2_camera/environment/path.sh
-- Up-to-date: /home/anyell/ahabp_v2_ws/install/v4l2_camera/share/v4l2_camera/environment/path.dsv
-- Up-to-date: /home/anyell/ahabp_v2_ws/install/v4l2_camera/share/v4l2_camera/local_setup.bash
-- Up-to-date: /home/anyell/ahabp_v2_ws/install/v4l2_camera/share/v4l2_camera/local_setup.sh
-- Up-to-date: /home/anyell/ahabp_v2_ws/install/v4l2_camera/share/v4l2_camera/local_setup.zsh
-- Up-to-date: /home/anyell/ahabp_v2_ws/install/v4l2_camera/share/v4l2_camera/local_setup.dsv
-- Installing: /home/anyell/ahabp_v2_ws/install/v4l2_camera/share/v4l2_camera/package.dsv
-- Up-to-date: /home/anyell/ahabp_v2_ws/install/v4l2_camera/share/ament_index/resource_index/packages/v4l2_camera
-- Up-to-date: /home/anyell/ahabp_v2_ws/install/v4l2_camera/share/ament_index/resource_index/rclcpp_components/v4l2_camera
-- Up-to-date: /home/anyell/ahabp_v2_ws/install/v4l2_camera/share/v4l2_camera/cmake/export_v4l2_cameraExport.cmake
-- Up-to-date: /home/anyell/ahabp_v2_ws/install/v4l2_camera/share/v4l2_camera/cmake/export_v4l2_cameraExport-noconfig.cmake
-- Up-to-date: /home/anyell/ahabp_v2_ws/install/v4l2_camera/share/v4l2_camera/cmake/ament_cmake_export_include_directories-extras.cmake
-- Up-to-date: /home/anyell/ahabp_v2_ws/install/v4l2_camera/share/v4l2_camera/cmake/ament_cmake_export_targets-extras.cmake
-- Up-to-date: /home/anyell/ahabp_v2_ws/install/v4l2_camera/share/v4l2_camera/cmake/ament_cmake_export_libraries-extras.cmake
-- Up-to-date: /home/anyell/ahabp_v2_ws/install/v4l2_camera/share/v4l2_camera/cmake/ament_cmake_export_dependencies-extras.cmake
-- Up-to-date: /home/anyell/ahabp_v2_ws/install/v4l2_camera/share/v4l2_camera/cmake/v4l2_cameraConfig.cmake
-- Up-to-date: /home/anyell/ahabp_v2_ws/install/v4l2_camera/share/v4l2_camera/cmake/v4l2_cameraConfig-version.cmake
-- Up-to-date: /home/anyell/ahabp_v2_ws/install/v4l2_camera/share/v4l2_camera/package.xml
Traceback (most recent call last):
  File "/usr/lib/python3/dist-packages/colcon_parallel_executor/executor/parallel.py", line 75, in execute
    loop.run_until_complete(future)
  File "/usr/lib/python3.10/asyncio/base_events.py", line 636, in run_until_complete
    self.run_forever()
  File "/usr/lib/python3.10/asyncio/base_events.py", line 603, in run_forever
    self._run_once()
  File "/usr/lib/python3.10/asyncio/base_events.py", line 1871, in _run_once
    event_list = self._selector.select(timeout)
  File "/usr/lib/python3.10/selectors.py", line 469, in select
    fd_event_list = self._selector.poll(timeout, max_ev)
KeyboardInterrupt

During handling of the above exception, another exception occurred:

Traceback (most recent call last):
  File "/usr/lib/python3/dist-packages/colcon_core/executor/__init__.py", line 91, in __call__
    rc = await self.task(*args, **kwargs)
  File "/usr/lib/python3/dist-packages/colcon_core/task/__init__.py", line 93, in __call__
    return await task_method(*args, **kwargs)
  File "/usr/lib/python3/dist-packages/colcon_ros/task/ament_cmake/build.py", line 65, in build
    has_install_target = await has_target(args.build_base, 'install')
  File "/usr/lib/python3/dist-packages/colcon_cmake/task/cmake/__init__.py", line 57, in has_target
    return target in await get_makefile_targets(path)
  File "/usr/lib/python3/dist-packages/colcon_cmake/task/cmake/__init__.py", line 77, in get_makefile_targets
    output = await check_output([
  File "/usr/lib/python3/dist-packages/colcon_core/subprocess.py", line 129, in check_output
    assert not rc, f'Expected {args} to pass: {stderr_data}'
AssertionError: Expected ['/usr/bin/cmake', '--build', '/home/anyell/ahabp_v2_ws/build/v4l2_camera', '--target', 'help'] to pass: gmake: *** [Makefile:384: help] Interrupt

