[3.444s] Invoking command in '/home/anyell/ahabp_v2_ws/build/v4l2_camera': CMAKE_PREFIX_PATH=/opt/ros/humble /usr/bin/cmake --build /home/anyell/ahabp_v2_ws/build/v4l2_camera -- -j4 -l4
[3.917s] [35m[1mConsolidate compiler generated dependencies of target v4l2_camera[0m
[4.172s] [ 50%] Built target v4l2_camera
[4.324s] [35m[1mConsolidate compiler generated dependencies of target v4l2_camera_compose_test[0m
[4.350s] [35m[1mConsolidate compiler generated dependencies of target v4l2_camera_node[0m
[4.562s] [ 75%] Built target v4l2_camera_compose_test
[4.795s] [100%] Built target v4l2_camera_node
[4.978s] Invoked command in '/home/anyell/ahabp_v2_ws/build/v4l2_camera' returned '0': CMAKE_PREFIX_PATH=/opt/ros/humble /usr/bin/cmake --build /home/anyell/ahabp_v2_ws/build/v4l2_camera -- -j4 -l4
[5.525s] Invoking command in '/home/anyell/ahabp_v2_ws/build/v4l2_camera': CMAKE_PREFIX_PATH=/opt/ros/humble /usr/bin/cmake --install /home/anyell/ahabp_v2_ws/build/v4l2_camera
[5.611s] -- Install configuration: ""
[5.617s] -- Up-to-date: /home/anyell/ahabp_v2_ws/install/v4l2_camera/include
[5.622s] -- Up-to-date: /home/anyell/ahabp_v2_ws/install/v4l2_camera/include/v4l2_camera
[5.629s] -- Up-to-date: /home/anyell/ahabp_v2_ws/install/v4l2_camera/include/v4l2_camera/pixel_format.hpp
[5.634s] -- Up-to-date: /home/anyell/ahabp_v2_ws/install/v4l2_camera/include/v4l2_camera/image_format.hpp
[5.639s] -- Up-to-date: /home/anyell/ahabp_v2_ws/install/v4l2_camera/include/v4l2_camera/visibility_control.h
[5.651s] -- Up-to-date: /home/anyell/ahabp_v2_ws/install/v4l2_camera/include/v4l2_camera/v4l2_camera_device.hpp
[5.667s] -- Up-to-date: /home/anyell/ahabp_v2_ws/install/v4l2_camera/include/v4l2_camera/v4l2_camera.hpp
[5.689s] -- Up-to-date: /home/anyell/ahabp_v2_ws/install/v4l2_camera/include/v4l2_camera/fourcc.hpp
[5.696s] -- Up-to-date: /home/anyell/ahabp_v2_ws/install/v4l2_camera/include/v4l2_camera/control.hpp
[5.698s] -- Up-to-date: /home/anyell/ahabp_v2_ws/install/v4l2_camera/include/v4l2_camera/parameters.hpp
[5.698s] -- Up-to-date: /home/anyell/ahabp_v2_ws/install/v4l2_camera/lib/libv4l2_camera.so
[5.699s] -- Up-to-date: /home/anyell/ahabp_v2_ws/install/v4l2_camera/lib/v4l2_camera/v4l2_camera_node
[5.703s] -- Up-to-date: /home/anyell/ahabp_v2_ws/install/v4l2_camera/lib/v4l2_camera/v4l2_camera_compose_test
[5.704s] -- Up-to-date: /home/anyell/ahabp_v2_ws/install/v4l2_camera/share/v4l2_camera/environment/library_path.sh
[5.705s] -- Up-to-date: /home/anyell/ahabp_v2_ws/install/v4l2_camera/share/v4l2_camera/environment/library_path.dsv
[5.707s] -- Up-to-date: /home/anyell/ahabp_v2_ws/install/v4l2_camera/share/ament_index/resource_index/package_run_dependencies/v4l2_camera
[5.708s] -- Up-to-date: /home/anyell/ahabp_v2_ws/install/v4l2_camera/share/ament_index/resource_index/parent_prefix_path/v4l2_camera
[5.709s] -- Up-to-date: /home/anyell/ahabp_v2_ws/install/v4l2_camera/share/v4l2_camera/environment/ament_prefix_path.sh
[5.710s] -- Up-to-date: /home/anyell/ahabp_v2_ws/install/v4l2_camera/share/v4l2_camera/environment/ament_prefix_path.dsv
[5.713s] -- Up-to-date: /home/anyell/ahabp_v2_ws/install/v4l2_camera/share/v4l2_camera/environment/path.sh
[5.730s] -- Up-to-date: /home/anyell/ahabp_v2_ws/install/v4l2_camera/share/v4l2_camera/environment/path.dsv
[5.731s] -- Up-to-date: /home/anyell/ahabp_v2_ws/install/v4l2_camera/share/v4l2_camera/local_setup.bash
[5.732s] -- Up-to-date: /home/anyell/ahabp_v2_ws/install/v4l2_camera/share/v4l2_camera/local_setup.sh
[5.732s] -- Up-to-date: /home/anyell/ahabp_v2_ws/install/v4l2_camera/share/v4l2_camera/local_setup.zsh
[5.733s] -- Up-to-date: /home/anyell/ahabp_v2_ws/install/v4l2_camera/share/v4l2_camera/local_setup.dsv
[5.733s] -- Installing: /home/anyell/ahabp_v2_ws/install/v4l2_camera/share/v4l2_camera/package.dsv
[5.734s] -- Up-to-date: /home/anyell/ahabp_v2_ws/install/v4l2_camera/share/ament_index/resource_index/packages/v4l2_camera
[5.734s] -- Up-to-date: /home/anyell/ahabp_v2_ws/install/v4l2_camera/share/ament_index/resource_index/rclcpp_components/v4l2_camera
[5.735s] -- Up-to-date: /home/anyell/ahabp_v2_ws/install/v4l2_camera/share/v4l2_camera/cmake/export_v4l2_cameraExport.cmake
[5.736s] -- Up-to-date: /home/anyell/ahabp_v2_ws/install/v4l2_camera/share/v4l2_camera/cmake/export_v4l2_cameraExport-noconfig.cmake
[5.736s] -- Up-to-date: /home/anyell/ahabp_v2_ws/install/v4l2_camera/share/v4l2_camera/cmake/ament_cmake_export_include_directories-extras.cmake
[5.737s] -- Up-to-date: /home/anyell/ahabp_v2_ws/install/v4l2_camera/share/v4l2_camera/cmake/ament_cmake_export_targets-extras.cmake
[5.738s] -- Up-to-date: /home/anyell/ahabp_v2_ws/install/v4l2_camera/share/v4l2_camera/cmake/ament_cmake_export_libraries-extras.cmake
[5.738s] -- Up-to-date: /home/anyell/ahabp_v2_ws/install/v4l2_camera/share/v4l2_camera/cmake/ament_cmake_export_dependencies-extras.cmake
[5.739s] -- Up-to-date: /home/anyell/ahabp_v2_ws/install/v4l2_camera/share/v4l2_camera/cmake/v4l2_cameraConfig.cmake
[5.740s] -- Up-to-date: /home/anyell/ahabp_v2_ws/install/v4l2_camera/share/v4l2_camera/cmake/v4l2_cameraConfig-version.cmake
[5.740s] -- Up-to-date: /home/anyell/ahabp_v2_ws/install/v4l2_camera/share/v4l2_camera/package.xml
[5.741s] Invoked command in '/home/anyell/ahabp_v2_ws/build/v4l2_camera' returned '0': CMAKE_PREFIX_PATH=/opt/ros/humble /usr/bin/cmake --install /home/anyell/ahabp_v2_ws/build/v4l2_camera
[6.320s] Traceback (most recent call last):
  File "/usr/lib/python3/dist-packages/colcon_parallel_executor/executor/parallel.py", line 75, in execute
    loop.run_until_complete(future)
  File "/usr/lib/python3.10/asyncio/base_events.py", line 636, in run_until_complete
    self.run_forever()
  File "/usr/lib/python3.10/asyncio/base_events.py", line 603, in run_forever
    self._run_once()
  File "/usr/lib/python3.10/asyncio/base_events.py", line 1871, in _run_once
    event_list = self._selector.select(timeout)
  File "/usr/lib/python3.10/selectors.py", line 469, in select
    fd_event_list = self._selector.poll(timeout, max_ev)
KeyboardInterrupt

During handling of the above exception, another exception occurred:

Traceback (most recent call last):
  File "/usr/lib/python3/dist-packages/colcon_core/executor/__init__.py", line 91, in __call__
    rc = await self.task(*args, **kwargs)
  File "/usr/lib/python3/dist-packages/colcon_core/task/__init__.py", line 93, in __call__
    return await task_method(*args, **kwargs)
  File "/usr/lib/python3/dist-packages/colcon_ros/task/ament_cmake/build.py", line 65, in build
    has_install_target = await has_target(args.build_base, 'install')
  File "/usr/lib/python3/dist-packages/colcon_cmake/task/cmake/__init__.py", line 57, in has_target
    return target in await get_makefile_targets(path)
  File "/usr/lib/python3/dist-packages/colcon_cmake/task/cmake/__init__.py", line 77, in get_makefile_targets
    output = await check_output([
  File "/usr/lib/python3/dist-packages/colcon_core/subprocess.py", line 129, in check_output
    assert not rc, f'Expected {args} to pass: {stderr_data}'
AssertionError: Expected ['/usr/bin/cmake', '--build', '/home/anyell/ahabp_v2_ws/build/v4l2_camera', '--target', 'help'] to pass: gmake: *** [Makefile:384: help] Interrupt

